#
# A fatal error has been detected by the Java Runtime Environment:
#
#  SIGSEGV (0xb) at pc=0x0000000119793f98, pid=25088, tid=775
#
# JRE version: OpenJDK Runtime Environment (13.0.1+9) (build 13.0.1+9)
# Java VM: OpenJDK 64-Bit Server VM (13.0.1+9, mixed mode, sharing, tiered, compressed oops, g1 gc, bsd-amd64)
# Problematic frame:
# j  RJavaTools.hasField(Ljava/lang/Object;Ljava/lang/String;)Z+1
#
# No core dump will be written. Core dumps have been disabled. To enable core dumping, try "ulimit -c unlimited" before starting Java again
#
# If you would like to submit a bug report, please visit:
#   http://bugreport.java.com/bugreport/crash.jsp
#

---------------  S U M M A R Y ------------

Command Line: -Djava.awt.headless=true -Xmx512m -Xrs vfprintf exit -Xss2m 

Host: MacBookPro15,4 x86_64 1400 MHz, 8 cores, 16G, Darwin 18.7.0
Time: Wed Dec 23 10:54:34 2020 EST elapsed time: 324 seconds (0d 0h 5m 24s)

---------------  T H R E A D  ---------------

Current thread (0x00007fd6bd078800):  JavaThread "main" [_thread_in_Java, id=775, stack(0x00007ffee7794000,0x00007ffee7f94000)]

Stack: [0x00007ffee7794000,0x00007ffee7f94000],  sp=0x00007ffee7f84f48,  free space=8131k
Native frames: (J=compiled Java code, A=aot compiled Java code, j=interpreted, Vv=VM code, C=native code)
j  RJavaTools.hasField(Ljava/lang/Object;Ljava/lang/String;)Z+1
v  ~StubRoutines::call_stub
V  [libjvm.dylib+0x39911f]  _ZN9JavaCalls11call_helperEP9JavaValueRK12methodHandleP17JavaCallArgumentsP6Thread+0x285
V  [libjvm.dylib+0x3da7d1]  _ZL17jni_invoke_staticP7JNIEnv_P9JavaValueP8_jobject11JNICallTypeP10_jmethodIDP18JNI_ArgumentPusherP6Thread+0x11c
V  [libjvm.dylib+0x3dcf6b]  jni_CallStaticBooleanMethodA+0x130
C  [rJava.so+0x3135]  RcallMethod+0x8d5
C  [libR.dylib+0x85653]  do_External+0x133
C  [libR.dylib+0xbfa24]  bcEval+0x6da4
C  [libR.dylib+0xb8541]  Rf_eval+0x181
C  [libR.dylib+0xd8a71]  R_execClosure+0x891
C  [libR.dylib+0xd7849]  Rf_applyClosure+0x1d9
C  [libR.dylib+0xbf728]  bcEval+0x6aa8
C  [libR.dylib+0xb8541]  Rf_eval+0x181
C  [libR.dylib+0xd8a71]  R_execClosure+0x891
C  [libR.dylib+0xd7849]  Rf_applyClosure+0x1d9
C  [libR.dylib+0xbf728]  bcEval+0x6aa8
C  [libR.dylib+0xb8541]  Rf_eval+0x181
C  [libR.dylib+0xd8a71]  R_execClosure+0x891
C  [libR.dylib+0xd9bdf]  R_execMethod+0x2bf
C  [methods.so+0x2778]  R_dispatchGeneric+0x9c8
C  [libR.dylib+0x124867]  do_standardGeneric+0x2b7
C  [libR.dylib+0xbfa24]  bcEval+0x6da4
C  [libR.dylib+0xb8541]  Rf_eval+0x181
C  [libR.dylib+0xd8a71]  R_execClosure+0x891
C  [libR.dylib+0xd7849]  Rf_applyClosure+0x1d9
C  [libR.dylib+0x125573]  R_possible_dispatch+0x543
C  [libR.dylib+0xdd8c5]  Rf_DispatchOrEval+0x275
C  [libR.dylib+0x19b01d]  R_DispatchOrEvalSP+0x1ad
C  [libR.dylib+0x19f377]  do_subset3+0x87
C  [libR.dylib+0xb8739]  Rf_eval+0x379
C  [libR.dylib+0xd6f4c]  forcePromise+0xac
C  [libR.dylib+0xe28ca]  getvar+0x30a
C  [libR.dylib+0xbc90c]  bcEval+0x3c8c
C  [libR.dylib+0xb8541]  Rf_eval+0x181
C  [libR.dylib+0xd6f4c]  forcePromise+0xac
C  [libR.dylib+0xe28ca]  getvar+0x30a
C  [libR.dylib+0xbc90c]  bcEval+0x3c8c
C  [libR.dylib+0xb8541]  Rf_eval+0x181
C  [libR.dylib+0xd6f4c]  forcePromise+0xac
C  [libR.dylib+0xe28ca]  getvar+0x30a
C  [libR.dylib+0xbc90c]  bcEval+0x3c8c
C  [libR.dylib+0xb8541]  Rf_eval+0x181
C  [libR.dylib+0xd6f4c]  forcePromise+0xac
C  [libR.dylib+0xe28ca]  getvar+0x30a
C  [libR.dylib+0xbc90c]  bcEval+0x3c8c
C  [libR.dylib+0xb8541]  Rf_eval+0x181
C  [libR.dylib+0xd6f4c]  forcePromise+0xac
C  [libR.dylib+0xe28ca]  getvar+0x30a
C  [libR.dylib+0xbc90c]  bcEval+0x3c8c
C  [libR.dylib+0xb8541]  Rf_eval+0x181
C  [libR.dylib+0xd8a71]  R_execClosure+0x891
C  [libR.dylib+0xd7849]  Rf_applyClosure+0x1d9
C  [libR.dylib+0xbf728]  bcEval+0x6aa8
C  [libR.dylib+0xb8541]  Rf_eval+0x181
C  [libR.dylib+0xd8a71]  R_execClosure+0x891
C  [libR.dylib+0xd7849]  Rf_applyClosure+0x1d9
C  [libR.dylib+0xbf728]  bcEval+0x6aa8
C  [libR.dylib+0xb8541]  Rf_eval+0x181
C  [libR.dylib+0xd8a71]  R_execClosure+0x891
C  [libR.dylib+0xd7849]  Rf_applyClosure+0x1d9
C  [libR.dylib+0xbf728]  bcEval+0x6aa8
C  [libR.dylib+0xb8541]  Rf_eval+0x181
C  [libR.dylib+0xd8a71]  R_execClosure+0x891
C  [libR.dylib+0xd7849]  Rf_applyClosure+0x1d9
C  [libR.dylib+0xbf728]  bcEval+0x6aa8
C  [libR.dylib+0xb8541]  Rf_eval+0x181
C  [libR.dylib+0xd8a71]  R_execClosure+0x891
C  [libR.dylib+0xd7849]  Rf_applyClosure+0x1d9
C  [libR.dylib+0xb8a16]  Rf_eval+0x656
C  [libR.dylib+0x72614]  protectedEval+0x24
C  [libR.dylib+0x724ed]  R_ToplevelExec+0x27d
C  [libR.dylib+0x725bc]  R_tryEval+0x2c
C  [rsession+0x8789ca]  _ZN13rstudio_boost4asio6detail24descriptor_write_op_baseINS0_15const_buffers_1EE10do_performEPNS1_10reactor_opE+0x3af9a
C  [rsession+0x878da7]  _ZN13rstudio_boost4asio6detail24descriptor_write_op_baseINS0_15const_buffers_1EE10do_performEPNS1_10reactor_opE+0x3b377
C  [rsession+0x39b28e]  _ZN13rstudio_boost4asio6detail16service_registry6createINS1_23reactive_socket_serviceINS0_5local15stream_protocolEEENS0_10io_contextEEEPNS0_17execution_context7serviceEPv+0x1ea6ae
C  [rsession+0x39ae31]  _ZN13rstudio_boost4asio6detail16service_registry6createINS1_23reactive_socket_serviceINS0_5local15stream_protocolEEENS0_10io_contextEEEPNS0_17execution_context7serviceEPv+0x1ea251
C  [rsession+0x387036]  _ZN13rstudio_boost4asio6detail16service_registry6createINS1_23reactive_socket_serviceINS0_5local15stream_protocolEEENS0_10io_contextEEEPNS0_17execution_context7serviceEPv+0x1d6456
C  [rsession+0x37a9fd]  _ZN13rstudio_boost4asio6detail16service_registry6createINS1_23reactive_socket_serviceINS0_5local15stream_protocolEEENS0_10io_contextEEEPNS0_17execution_context7serviceEPv+0x1c9e1d
C  [rsession+0x26534a]  _ZN13rstudio_boost4asio6detail16service_registry6createINS1_23reactive_socket_serviceINS0_5local15stream_protocolEEENS0_10io_contextEEEPNS0_17execution_context7serviceEPv+0xb476a
C  [rsession+0x26a7d5]  _ZN13rstudio_boost4asio6detail16service_registry6createINS1_23reactive_socket_serviceINS0_5local15stream_protocolEEENS0_10io_contextEEEPNS0_17execution_context7serviceEPv+0xb9bf5
C  [rsession+0x91054]
C  [rsession+0x77e882]  _ZN13rstudio_boost4asio12placeholders17bytes_transferredEv+0xfffb2
C  [rsession+0xfc126]  _ZN13rstudio_boost4asio6detail30reactive_socket_accept_op_baseINS0_12basic_socketINS0_2ip3tcpEEES5_E10do_performEPNS1_10reactor_opE+0x37e36
C  [rsession+0x101ebe]  _ZN13rstudio_boost4asio6detail30reactive_socket_accept_op_baseINS0_12basic_socketINS0_2ip3tcpEEES5_E10do_performEPNS1_10reactor_opE+0x3dbce
C  [rsession+0x100c0f]  _ZN13rstudio_boost4asio6detail30reactive_socket_accept_op_baseINS0_12basic_socketINS0_2ip3tcpEEES5_E10do_performEPNS1_10reactor_opE+0x3c91f
C  [rsession+0x31d9d]
C  [rsession+0x8b5a78]  _ZN13rstudio_boost4asio6detail24descriptor_write_op_baseINS0_15const_buffers_1EE10do_performEPNS1_10reactor_opE+0x78048
C  [libR.dylib+0x10d9f4]  Rf_ReplIteration+0x64
C  [libR.dylib+0x10f1df]  run_Rmainloop+0xcf
C  [rsession+0x8da4e0]  _ZN13rstudio_boost4asio6detail24descriptor_write_op_baseINS0_15const_buffers_1EE10do_performEPNS1_10reactor_opE+0x9cab0
C  [rsession+0x8b3336]  _ZN13rstudio_boost4asio6detail24descriptor_write_op_baseINS0_15const_buffers_1EE10do_performEPNS1_10reactor_opE+0x75906
C  [rsession+0x125a78]  _ZN13rstudio_boost4asio6detail30reactive_socket_accept_op_baseINS0_12basic_socketINS0_2ip3tcpEEES5_E10do_performEPNS1_10reactor_opE+0x61788
C  [libdyld.dylib+0x163d5]  start+0x1


siginfo: si_signo: 11 (SIGSEGV), si_code: 1 (SEGV_MAPERR), si_addr: 0x0000000132a690d0

Register to memory mapping:

RAX=0x0000000000100000 is an unknown value
RBX={method} {0x00000008003d36d0} 'getClass' '()Ljava/lang/Class;' in 'java/lang/Object'
RCX=0x0 is NULL
RDX=0x0000000080500001 is an unknown value
RSP=0x00007ffee7f84f48 is pointing into the stack for thread: 0x00007fd6bd078800
RBP=0x00007ffee7f84fa0 is pointing into the stack for thread: 0x00007fd6bd078800
RSI=0x0000000119784840 is at code_begin+0 in an Interpreter codelet
method entry point (kind = zerolocals)  [0x0000000119784840, 0x0000000119784d20]  1248 bytes
RDI=0x00007ffee7f85080 is pointing into the stack for thread: 0x00007fd6bd078800
R8 =0x0000000119784840 is at code_begin+0 in an Interpreter codelet
method entry point (kind = zerolocals)  [0x0000000119784840, 0x0000000119784d20]  1248 bytes
R9 =0x00007ffee7f851b8 is pointing into the stack for thread: 0x00007fd6bd078800
R10=0x0000000110db8220: _ZN19TemplateInterpreter20_invoke_return_entryE+0 in /Library/Java/JavaVirtualMachines/openjdk-13.0.1.jdk/Contents/Home/lib/server/libjvm.dylib at 0x00000001103e9000
R11=0x000000280f20ad3e is an unknown value
R12=0x0 is NULL
R13=0x000000012ce7e969 is pointing into metadata
R14=0x00007ffee7f84fb8 is pointing into the stack for thread: 0x00007fd6bd078800
R15=0x00007fd6bd078800 is a thread


Registers:
RAX=0x0000000000100000, RBX=0x00000008003d36d0, RCX=0x0000000000000000, RDX=0x0000000080500001
RSP=0x00007ffee7f84f48, RBP=0x00007ffee7f84fa0, RSI=0x0000000119784840, RDI=0x00007ffee7f85080
R8 =0x0000000119784840, R9 =0x00007ffee7f851b8, R10=0x0000000110db8220, R11=0x000000280f20ad3e
R12=0x0000000000000000, R13=0x000000012ce7e969, R14=0x00007ffee7f84fb8, R15=0x00007fd6bd078800
RIP=0x0000000119793f98, EFLAGS=0x0000000000000206, ERR=0x00000000020000b8
  TRAPNO=0x0000000000000085

Top of Stack: (sp=0x00007ffee7f84f48)
0x00007ffee7f84f48:   000000011977fd00 0000000000000000
0x00007ffee7f84f58:   00007ffee7f84f58 000000012ce7e969
0x00007ffee7f84f68:   00007ffee7f84fb8 000000012ce7c040
0x00007ffee7f84f78:   0000000000000000 00000007eff74838
0x00007ffee7f84f88:   000000012ce7e978 0000000000000000
0x00007ffee7f84f98:   00007ffee7f84fb0 00007ffee7f85020
0x00007ffee7f84fa8:   0000000119776949 00000007ef9e6938
0x00007ffee7f84fb8:   0000000000000000 00007ffe00001fb3
0x00007ffee7f84fc8:   00007ffee7f851b0 00007ffee7f852a8
0x00007ffee7f84fd8:   000000012ce7e978 00007fd6bd078800
0x00007ffee7f84fe8:   0000000000000002 00007ffee7f85080
0x00007ffee7f84ff8:   00007ffee7f852b0 00007ffe0000000a
0x00007ffee7f85008:   000000012ce7e978 0000000119784840
0x00007ffee7f85018:   00007ffee7f851b8 00007ffee7f85110
0x00007ffee7f85028:   000000011078211f 0000000000000002
0x00007ffee7f85038:   00007fd6bd078800 00007ffee7f85060
0x00007ffee7f85048:   00007fd6bd078800 00007fd6bccaae10
0x00007ffee7f85058:   00007fd6bcc16b90 00007fd6bcc16ba0
0x00007ffee7f85068:   00007fd6bcc16c78 00000000000000d8
0x00007ffee7f85078:   00007fd6bcc532f0 00007fd6bd078800
0x00007ffee7f85088:   00007fd6bcc6b000 000000012ce7e978
0x00007ffee7f85098:   0000000000000000 0000000000000000
0x00007ffee7f850a8:   0000000000000000 0000000000000000
0x00007ffee7f850b8:   00007ffee7f852a8 00000001197768bf
0x00007ffee7f850c8:   0000000119784840 0000000ae7f85128
0x00007ffee7f850d8:   00007ffee7f852b0 00007ffee7f85110
0x00007ffee7f850e8:   00007ffee7f852a8 00007ffee7f85278
0x00007ffee7f850f8:   00000001107d4182 00007ffee7f85128
0x00007ffee7f85108:   00007fd6bd078800 00007ffee7f85260
0x00007ffee7f85118:   00000001107c37d1 00007ffee7f85140
0x00007ffee7f85128:   0000000110d1a048 00007fd6ccefb610
0x00007ffee7f85138:   0000000010d20990 00007ffee7f85160 

Instructions: (pc=0x0000000119793f98)
0x0000000119793e98:   ff 00 00 00 81 fb b6 00 00 00 0f 84 b0 00 00 00
0x0000000119793ea8:   bb b6 00 00 00 e8 05 00 00 00 e9 95 00 00 00 48
0x0000000119793eb8:   8b f3 48 8d 44 24 08 4c 89 6d c0 49 8b ff c5 f8
0x0000000119793ec8:   77 49 89 af 00 03 00 00 49 89 87 f0 02 00 00 f7
0x0000000119793ed8:   c4 0f 00 00 00 0f 84 12 00 00 00 48 83 ec 08 e8
0x0000000119793ee8:   5a 9b fe f6 48 83 c4 08 e9 05 00 00 00 e8 4c 9b
0x0000000119793ef8:   fe f6 49 ba 00 00 00 00 00 00 00 00 4d 89 97 f0
0x0000000119793f08:   02 00 00 49 ba 00 00 00 00 00 00 00 00 4d 89 97
0x0000000119793f18:   00 03 00 00 49 ba 00 00 00 00 00 00 00 00 4d 89
0x0000000119793f28:   97 f8 02 00 00 c5 f8 77 49 81 7f 08 00 00 00 00
0x0000000119793f38:   0f 84 05 00 00 00 e9 3d 29 fe ff 4c 8b 6d c0 4c
0x0000000119793f48:   8b 75 c8 c3 41 0f b7 55 01 48 8b 4d d0 c1 e2 02
0x0000000119793f58:   48 8b 5c d1 38 8b 54 d1 40 8b ca 81 e1 ff 00 00
0x0000000119793f68:   00 48 8b 4c cc f8 44 8b ea c1 ea 1c 49 ba 20 82
0x0000000119793f78:   db 10 01 00 00 00 49 8b 14 d2 52 41 8b d5 4c 8b
0x0000000119793f88:   6d c0 8b c2 81 e0 00 00 10 00 0f 84 8a 01 00 00
0x0000000119793f98:   48 3b 01 48 8b 45 d8 48 85 c0 0f 84 12 00 00 00
0x0000000119793fa8:   48 83 40 08 01 48 83 58 08 00 48 83 c0 38 48 89
0x0000000119793fb8:   45 d8 48 8b 45 d8 48 85 c0 0f 84 4f 01 00 00 80
0x0000000119793fc8:   78 c8 0b 0f 85 45 01 00 00 48 83 c0 08 4c 8b 68
0x0000000119793fd8:   f8 41 83 ed 00 41 83 fd 02 0f 8c 24 01 00 00 4c
0x0000000119793fe8:   8b 6b 08 45 0f b7 6d 34 4c 2b 28 41 83 ed 01 4e
0x0000000119793ff8:   8b 6c ec 08 4d 85 ed 75 0a 48 81 48 08 01 00 00
0x0000000119794008:   00 eb 5d 45 8b 6d 08 49 c1 e5 03 49 bc 00 00 00
0x0000000119794018:   00 08 00 00 00 4d 03 ec 4d 33 e4 4c 33 68 08 49
0x0000000119794028:   f7 c5 fc ff ff ff 74 38 49 f7 c5 02 00 00 00 75
0x0000000119794038:   2f 48 81 78 08 00 00 00 00 74 21 48 81 78 08 01
0x0000000119794048:   00 00 00 74 17 4c 33 68 08 49 f7 c5 fc ff ff ff
0x0000000119794058:   74 0e 48 81 48 08 02 00 00 00 eb 04 4c 89 68 08
0x0000000119794068:   48 83 c0 10 4c 8b 68 e8 41 83 ed 02 41 83 fd 02
0x0000000119794078:   0f 8c 8d 00 00 00 4c 8b 6b 08 45 0f b7 6d 34 4c
0x0000000119794088:   2b 28 41 83 ed 01 4e 8b 6c ec 08 4d 85 ed 75 0a 


Stack slot to memory mapping:
stack at sp + 0 slots: 0x000000011977fd00 is at code_begin+1664 in an Interpreter codelet
invoke return entry points  [0x000000011977f680, 0x00000001197800a0]  2592 bytes
stack at sp + 1 slots: 0x0 is NULL
stack at sp + 2 slots: 0x00007ffee7f84f58 is pointing into the stack for thread: 0x00007fd6bd078800
stack at sp + 3 slots: 0x000000012ce7e969 is pointing into metadata
stack at sp + 4 slots: 0x00007ffee7f84fb8 is pointing into the stack for thread: 0x00007fd6bd078800
stack at sp + 5 slots: 0x000000012ce7c040 is pointing into metadata
stack at sp + 6 slots: 0x0 is NULL
stack at sp + 7 slots: 0x00000007eff74838 is an oop: java.lang.Class 
{0x00000007eff74838} - klass: 'java/lang/Class'

invokevirtual  182 invokevirtual  [0x0000000119793e40, 0x0000000119794360]  1312 bytes
[MachCode]
  0x0000000119793e40: 50e9 3900 | 0000 4883 | ec08 c5fa | 1104 24e9 | 2b00 0000 | 4883 ec10 | c5fb 1104 | 24e9 1d00 
  0x0000000119793e60: 0000 4883 | ec10 4889 | 0424 49ba | 0000 0000 | 0000 0000 | 4c89 5424 | 08e9 0100 | 0000 504c 
  0x0000000119793e80: 896d c041 | 0fb7 5501 | 488b 4dd0 | c1e2 028b | 5cd1 28c1 | eb18 81e3 | ff00 0000 | 81fb b600 
  0x0000000119793ea0: 0000 0f84 | b000 0000 | bbb6 0000 | 00e8 0500 | 0000 e995 | 0000 0048 | 8bf3 488d | 4424 084c 
  0x0000000119793ec0: 896d c049 | 8bff c5f8 | 7749 89af | 0003 0000 | 4989 87f0 | 0200 00f7 | c40f 0000 | 000f 8412 
  0x0000000119793ee0: 0000 0048 | 83ec 08e8 | 5a9b fef6 | 4883 c408 | e905 0000 | 00e8 4c9b | fef6 49ba | 0000 0000 
  0x0000000119793f00: 0000 0000 | 4d89 97f0 | 0200 0049 | ba00 0000 | 0000 0000 | 004d 8997 | 0003 0000 | 49ba 0000 
  0x0000000119793f20: 0000 0000 | 0000 4d89 | 97f8 0200 | 00c5 f877 | 4981 7f08 | 0000 0000 | 0f84 0500 | 0000 e93d 
  0x0000000119793f40: 29fe ff4c | 8b6d c04c | 8b75 c8c3 | 410f b755 | 0148 8b4d | d0c1 e202 | 488b 5cd1 | 388b 54d1 
  0x0000000119793f60: 408b ca81 | e1ff 0000 | 0048 8b4c | ccf8 448b | eac1 ea1c | 49ba 2082 | db10 0100 | 0000 498b 
  0x0000000119793f80: 14d2 5241 | 8bd5 4c8b | 6dc0 8bc2 | 81e0 0000 | 1000 0f84 | 8a01 0000 | 483b 0148 | 8b45 d848 
  0x0000000119793fa0: 85c0 0f84 | 1200 0000 | 4883 4008 | 0148 8358 | 0800 4883 | c038 4889 | 45d8 488b | 45d8 4885 
  0x0000000119793fc0: c00f 844f | 0100 0080 | 78c8 0b0f | 8545 0100 | 0048 83c0 | 084c 8b68 | f841 83ed | 0041 83fd 
  0x0000000119793fe0: 020f 8c24 | 0100 004c | 8b6b 0845 | 0fb7 6d34 | 4c2b 2841 | 83ed 014e | 8b6c ec08 | 4d85 ed75 
  0x0000000119794000: 0a48 8148 | 0801 0000 | 00eb 5d45 | 8b6d 0849 | c1e5 0349 | bc00 0000 | 0008 0000 | 004d 03ec 
  0x0000000119794020: 4d33 e44c | 3368 0849 | f7c5 fcff | ffff 7438 | 49f7 c502 | 0000 0075 | 2f48 8178 | 0800 0000 
  0x0000000119794040: 0074 2148 | 8178 0801 | 0000 0074 | 174c 3368 | 0849 f7c5 | fcff ffff | 740e 4881 | 4808 0200 
  0x0000000119794060: 0000 eb04 | 4c89 6808 | 4883 c010 | 4c8b 68e8 | 4183 ed02 | 4183 fd02 | 0f8c 8d00 | 0000 4c8b 
  0x0000000119794080: 6b08 450f | b76d 344c | 2b28 4183 | ed01 4e8b | 6cec 084d | 85ed 750a | 4881 4808 | 0100 0000 
  0x00000001197940a0: eb5d 458b | 6d08 49c1 | e503 49bc | 0000 0000 | 0800 0000 | 4d03 ec4d | 33e4 4c33 | 6808 49f7 
  0x00000001197940c0: c5fc ffff | ff74 3849 | f7c5 0200 | 0000 752f | 4881 7808 | 0000 0000 | 7421 4881 | 7808 0100 
  0x00000001197940e0: 0000 7417 | 4c33 6808 | 49f7 c5fc | ffff ff74 | 0e48 8148 | 0802 0000 | 00eb 044c | 8968 0848 
  0x0000000119794100: 83c0 104c | 8b68 d841 | 83ed 0441 | c1e5 0349 | 03c5 4889 | 45d8 4c8d | 6c24 084c | 896d f0ff 
  0x0000000119794120: 6348 8b41 | 0848 c1e0 | 0349 bc00 | 0000 0008 | 0000 0049 | 03c4 4d33 | e44c 8b75 | d84d 85f6 
  0x0000000119794140: 0f84 9500 | 0000 498b | 5618 483b | d00f 850f | 0000 0049 | 8346 2001 | 4983 5e20 | 00e9 7100 
  0x0000000119794160: 0000 4885 | d20f 8442 | 0000 0049 | 8b56 2848 | 3bd0 0f85 | 0f00 0000 | 4983 4630 | 0149 835e 
  0x0000000119794180: 3000 e94c | 0000 0048 | 85d2 740f | 4983 4608 | 0149 835e | 0800 e938 | 0000 0049 | 8946 28ba 
  0x00000001197941a0: 0100 0000 | 4989 5630 | e926 0000 | 0049 3b46 | 280f 850f | 0000 0049 | 8346 3001 | 4983 5e30 
  0x00000001197941c0: 00e9 0d00 | 0000 4989 | 4618 ba01 | 0000 0049 | 8956 2049 | 83c6 384c | 8975 d848 | 8b9c d8d8 
  0x00000001197941e0: 0100 0048 | 8b55 d848 | 85d2 0f84 | 4f01 0000 | 807a c80b | 0f85 4501 | 0000 4883 | c208 4c8b 
  0x0000000119794200: 6af8 4183 | ed00 4183 | fd02 0f8c | 2401 0000 | 4c8b 6b08 | 450f b76d | 344c 2b2a | 4183 ed01 
  0x0000000119794220: 4e8b 6cec | 084d 85ed | 750a 4881 | 4a08 0100 | 0000 eb5d | 458b 6d08 | 49c1 e503 | 49bc 0000 
  0x0000000119794240: 0000 0800 | 0000 4d03 | ec4d 33e4 | 4c33 6a08 | 49f7 c5fc | ffff ff74 | 3849 f7c5 | 0200 0000 
  0x0000000119794260: 752f 4881 | 7a08 0000 | 0000 7421 | 4881 7a08 | 0100 0000 | 7417 4c33 | 6a08 49f7 | c5fc ffff 
  0x0000000119794280: ff74 0e48 | 814a 0802 | 0000 00eb | 044c 896a | 0848 83c2 | 104c 8b6a | e841 83ed | 0241 83fd 
  0x00000001197942a0: 020f 8c8d | 0000 004c | 8b6b 0845 | 0fb7 6d34 | 4c2b 2a41 | 83ed 014e | 8b6c ec08 | 4d85 ed75 
  0x00000001197942c0: 0a48 814a | 0801 0000 | 00eb 5d45 | 8b6d 0849 | c1e5 0349 | bc00 0000 | 0008 0000 | 004d 03ec 
  0x00000001197942e0: 4d33 e44c | 336a 0849 | f7c5 fcff | ffff 7438 | 49f7 c502 | 0000 0075 | 2f48 817a | 0800 0000 
  0x0000000119794300: 0074 2148 | 817a 0801 | 0000 0074 | 174c 336a | 0849 f7c5 | fcff ffff | 740e 4881 | 4a08 0200 
  0x0000000119794320: 0000 eb04 | 4c89 6a08 | 4883 c210 | 4c8b 6ad8 | 4183 ed04 | 41c1 e503 | 4903 d548 | 8955 d84c 
  0x0000000119794340: 8d6c 2408 | 4c89 6df0 | ff63 480f | 1f44 0000 | 0000 0000 | 0000 0000 | 0000 0000 | 0000 0000 
[/MachCode]

---------------  P R O C E S S  ---------------

Threads class SMR info:
_java_thread_list=0x00007fd6ce5aff00, length=9, elements={
0x00007fd6bd078800, 0x00007fd6db77c000, 0x00007fd6db906800, 0x00007fd6da21d000,
0x00007fd6d9dda800, 0x00007fd6d9f4f800, 0x00007fd6cd37e000, 0x00007fd6cd33b800,
0x00007fd6d9e10800
}

Java Threads: ( => current thread )
=>0x00007fd6bd078800 JavaThread "main" [_thread_in_Java, id=775, stack(0x00007ffee7794000,0x00007ffee7f94000)]
  0x00007fd6db77c000 JavaThread "Reference Handler" daemon [_thread_blocked, id=13315, stack(0x000070000367f000,0x000070000387f000)]
  0x00007fd6db906800 JavaThread "Finalizer" daemon [_thread_blocked, id=14083, stack(0x0000700003882000,0x0000700003a82000)]
  0x00007fd6da21d000 JavaThread "Attach Listener" daemon [_thread_blocked, id=21763, stack(0x0000700003b8b000,0x0000700003d8b000)]
  0x00007fd6d9dda800 JavaThread "C2 CompilerThread0" daemon [_thread_blocked, id=22275, stack(0x0000700003d8e000,0x0000700003e8e000)]
  0x00007fd6d9f4f800 JavaThread "C1 CompilerThread0" daemon [_thread_blocked, id=42755, stack(0x0000700003e91000,0x0000700003f91000)]
  0x00007fd6cd37e000 JavaThread "Sweeper thread" daemon [_thread_blocked, id=42243, stack(0x0000700003f94000,0x0000700004194000)]
  0x00007fd6cd33b800 JavaThread "Service Thread" daemon [_thread_blocked, id=23299, stack(0x0000700004197000,0x0000700004397000)]
  0x00007fd6d9e10800 JavaThread "Common-Cleaner" daemon [_thread_blocked, id=41475, stack(0x000070000449d000,0x000070000469d000)]

Other Threads:
  0x00007fd6db0c3000 VMThread "VM Thread" [stack: 0x000070000357c000,0x000070000367c000] [id=12803]
  0x00007fd6da4d6800 WatcherThread [stack: 0x000070000439a000,0x000070000449a000] [id=41731]
  0x00007fd6dba0a800 GCTaskThread "GC Thread#0" [stack: 0x000070000306d000,0x000070000316d000] [id=11267]
  0x00007fd6d223b000 ConcurrentGCThread "G1 Main Marker" [stack: 0x0000700003170000,0x0000700003270000] [id=11523]
  0x00007fd6d71f3000 ConcurrentGCThread "G1 Conc#0" [stack: 0x0000700003273000,0x0000700003373000] [id=20227]
  0x00007fd6d618f000 ConcurrentGCThread "G1 Refine#0" [stack: 0x0000700003376000,0x0000700003476000] [id=19715]
  0x00007fd6d618f800 ConcurrentGCThread "G1 Young RemSet Sampling" [stack: 0x0000700003479000,0x0000700003579000] [id=19203]

Threads with active compile tasks:

VM state:not at safepoint (normal execution)

VM Mutex/Monitor currently owned by a thread: None

Heap address: 0x00000007e0000000, size: 512 MB, Compressed Oops mode: Zero based, Oop shift amount: 3
Narrow klass base: 0x0000000800000000, Narrow klass shift: 3
Compressed class space size: 1073741824 Address: 0x0000000800add000

Heap:
 garbage-first heap   total 264192K, used 5876K [0x00000007e0000000, 0x0000000800000000)
  region size 1024K, 7 young (7168K), 0 survivors (0K)
 Metaspace       used 3229K, capacity 5888K, committed 6016K, reserved 1056768K
  class space    used 339K, capacity 583K, committed 640K, reserved 1048576K
Heap Regions: E=young(eden), S=young(survivor), O=old, HS=humongous(starts), HC=humongous(continues), CS=collection set, F=free, A=archive, TAMS=top-at-mark-start (previous, next)
|   0|0x00000007e0000000, 0x00000007e0000000, 0x00000007e0100000|  0%| F|  |TAMS 0x00000007e0000000, 0x00000007e0000000| Untracked 
|   1|0x00000007e0100000, 0x00000007e0100000, 0x00000007e0200000|  0%| F|  |TAMS 0x00000007e0100000, 0x00000007e0100000| Untracked 
|   2|0x00000007e0200000, 0x00000007e0200000, 0x00000007e0300000|  0%| F|  |TAMS 0x00000007e0200000, 0x00000007e0200000| Untracked 
|   3|0x00000007e0300000, 0x00000007e0300000, 0x00000007e0400000|  0%| F|  |TAMS 0x00000007e0300000, 0x00000007e0300000| Untracked 
|   4|0x00000007e0400000, 0x00000007e0400000, 0x00000007e0500000|  0%| F|  |TAMS 0x00000007e0400000, 0x00000007e0400000| Untracked 
|   5|0x00000007e0500000, 0x00000007e0500000, 0x00000007e0600000|  0%| F|  |TAMS 0x00000007e0500000, 0x00000007e0500000| Untracked 
|   6|0x00000007e0600000, 0x00000007e0600000, 0x00000007e0700000|  0%| F|  |TAMS 0x00000007e0600000, 0x00000007e0600000| Untracked 
|   7|0x00000007e0700000, 0x00000007e0700000, 0x00000007e0800000|  0%| F|  |TAMS 0x00000007e0700000, 0x00000007e0700000| Untracked 
|   8|0x00000007e0800000, 0x00000007e0800000, 0x00000007e0900000|  0%| F|  |TAMS 0x00000007e0800000, 0x00000007e0800000| Untracked 
|   9|0x00000007e0900000, 0x00000007e0900000, 0x00000007e0a00000|  0%| F|  |TAMS 0x00000007e0900000, 0x00000007e0900000| Untracked 
|  10|0x00000007e0a00000, 0x00000007e0a00000, 0x00000007e0b00000|  0%| F|  |TAMS 0x00000007e0a00000, 0x00000007e0a00000| Untracked 
|  11|0x00000007e0b00000, 0x00000007e0b00000, 0x00000007e0c00000|  0%| F|  |TAMS 0x00000007e0b00000, 0x00000007e0b00000| Untracked 
|  12|0x00000007e0c00000, 0x00000007e0c00000, 0x00000007e0d00000|  0%| F|  |TAMS 0x00000007e0c00000, 0x00000007e0c00000| Untracked 
|  13|0x00000007e0d00000, 0x00000007e0d00000, 0x00000007e0e00000|  0%| F|  |TAMS 0x00000007e0d00000, 0x00000007e0d00000| Untracked 
|  14|0x00000007e0e00000, 0x00000007e0e00000, 0x00000007e0f00000|  0%| F|  |TAMS 0x00000007e0e00000, 0x00000007e0e00000| Untracked 
|  15|0x00000007e0f00000, 0x00000007e0f00000, 0x00000007e1000000|  0%| F|  |TAMS 0x00000007e0f00000, 0x00000007e0f00000| Untracked 
|  16|0x00000007e1000000, 0x00000007e1000000, 0x00000007e1100000|  0%| F|  |TAMS 0x00000007e1000000, 0x00000007e1000000| Untracked 
|  17|0x00000007e1100000, 0x00000007e1100000, 0x00000007e1200000|  0%| F|  |TAMS 0x00000007e1100000, 0x00000007e1100000| Untracked 
|  18|0x00000007e1200000, 0x00000007e1200000, 0x00000007e1300000|  0%| F|  |TAMS 0x00000007e1200000, 0x00000007e1200000| Untracked 
|  19|0x00000007e1300000, 0x00000007e1300000, 0x00000007e1400000|  0%| F|  |TAMS 0x00000007e1300000, 0x00000007e1300000| Untracked 
|  20|0x00000007e1400000, 0x00000007e1400000, 0x00000007e1500000|  0%| F|  |TAMS 0x00000007e1400000, 0x00000007e1400000| Untracked 
|  21|0x00000007e1500000, 0x00000007e1500000, 0x00000007e1600000|  0%| F|  |TAMS 0x00000007e1500000, 0x00000007e1500000| Untracked 
|  22|0x00000007e1600000, 0x00000007e1600000, 0x00000007e1700000|  0%| F|  |TAMS 0x00000007e1600000, 0x00000007e1600000| Untracked 
|  23|0x00000007e1700000, 0x00000007e1700000, 0x00000007e1800000|  0%| F|  |TAMS 0x00000007e1700000, 0x00000007e1700000| Untracked 
|  24|0x00000007e1800000, 0x00000007e1800000, 0x00000007e1900000|  0%| F|  |TAMS 0x00000007e1800000, 0x00000007e1800000| Untracked 
|  25|0x00000007e1900000, 0x00000007e1900000, 0x00000007e1a00000|  0%| F|  |TAMS 0x00000007e1900000, 0x00000007e1900000| Untracked 
|  26|0x00000007e1a00000, 0x00000007e1a00000, 0x00000007e1b00000|  0%| F|  |TAMS 0x00000007e1a00000, 0x00000007e1a00000| Untracked 
|  27|0x00000007e1b00000, 0x00000007e1b00000, 0x00000007e1c00000|  0%| F|  |TAMS 0x00000007e1b00000, 0x00000007e1b00000| Untracked 
|  28|0x00000007e1c00000, 0x00000007e1c00000, 0x00000007e1d00000|  0%| F|  |TAMS 0x00000007e1c00000, 0x00000007e1c00000| Untracked 
|  29|0x00000007e1d00000, 0x00000007e1d00000, 0x00000007e1e00000|  0%| F|  |TAMS 0x00000007e1d00000, 0x00000007e1d00000| Untracked 
|  30|0x00000007e1e00000, 0x00000007e1e00000, 0x00000007e1f00000|  0%| F|  |TAMS 0x00000007e1e00000, 0x00000007e1e00000| Untracked 
|  31|0x00000007e1f00000, 0x00000007e1f00000, 0x00000007e2000000|  0%| F|  |TAMS 0x00000007e1f00000, 0x00000007e1f00000| Untracked 
|  32|0x00000007e2000000, 0x00000007e2000000, 0x00000007e2100000|  0%| F|  |TAMS 0x00000007e2000000, 0x00000007e2000000| Untracked 
|  33|0x00000007e2100000, 0x00000007e2100000, 0x00000007e2200000|  0%| F|  |TAMS 0x00000007e2100000, 0x00000007e2100000| Untracked 
|  34|0x00000007e2200000, 0x00000007e2200000, 0x00000007e2300000|  0%| F|  |TAMS 0x00000007e2200000, 0x00000007e2200000| Untracked 
|  35|0x00000007e2300000, 0x00000007e2300000, 0x00000007e2400000|  0%| F|  |TAMS 0x00000007e2300000, 0x00000007e2300000| Untracked 
|  36|0x00000007e2400000, 0x00000007e2400000, 0x00000007e2500000|  0%| F|  |TAMS 0x00000007e2400000, 0x00000007e2400000| Untracked 
|  37|0x00000007e2500000, 0x00000007e2500000, 0x00000007e2600000|  0%| F|  |TAMS 0x00000007e2500000, 0x00000007e2500000| Untracked 
|  38|0x00000007e2600000, 0x00000007e2600000, 0x00000007e2700000|  0%| F|  |TAMS 0x00000007e2600000, 0x00000007e2600000| Untracked 
|  39|0x00000007e2700000, 0x00000007e2700000, 0x00000007e2800000|  0%| F|  |TAMS 0x00000007e2700000, 0x00000007e2700000| Untracked 
|  40|0x00000007e2800000, 0x00000007e2800000, 0x00000007e2900000|  0%| F|  |TAMS 0x00000007e2800000, 0x00000007e2800000| Untracked 
|  41|0x00000007e2900000, 0x00000007e2900000, 0x00000007e2a00000|  0%| F|  |TAMS 0x00000007e2900000, 0x00000007e2900000| Untracked 
|  42|0x00000007e2a00000, 0x00000007e2a00000, 0x00000007e2b00000|  0%| F|  |TAMS 0x00000007e2a00000, 0x00000007e2a00000| Untracked 
|  43|0x00000007e2b00000, 0x00000007e2b00000, 0x00000007e2c00000|  0%| F|  |TAMS 0x00000007e2b00000, 0x00000007e2b00000| Untracked 
|  44|0x00000007e2c00000, 0x00000007e2c00000, 0x00000007e2d00000|  0%| F|  |TAMS 0x00000007e2c00000, 0x00000007e2c00000| Untracked 
|  45|0x00000007e2d00000, 0x00000007e2d00000, 0x00000007e2e00000|  0%| F|  |TAMS 0x00000007e2d00000, 0x00000007e2d00000| Untracked 
|  46|0x00000007e2e00000, 0x00000007e2e00000, 0x00000007e2f00000|  0%| F|  |TAMS 0x00000007e2e00000, 0x00000007e2e00000| Untracked 
|  47|0x00000007e2f00000, 0x00000007e2f00000, 0x00000007e3000000|  0%| F|  |TAMS 0x00000007e2f00000, 0x00000007e2f00000| Untracked 
|  48|0x00000007e3000000, 0x00000007e3000000, 0x00000007e3100000|  0%| F|  |TAMS 0x00000007e3000000, 0x00000007e3000000| Untracked 
|  49|0x00000007e3100000, 0x00000007e3100000, 0x00000007e3200000|  0%| F|  |TAMS 0x00000007e3100000, 0x00000007e3100000| Untracked 
|  50|0x00000007e3200000, 0x00000007e3200000, 0x00000007e3300000|  0%| F|  |TAMS 0x00000007e3200000, 0x00000007e3200000| Untracked 
|  51|0x00000007e3300000, 0x00000007e3300000, 0x00000007e3400000|  0%| F|  |TAMS 0x00000007e3300000, 0x00000007e3300000| Untracked 
|  52|0x00000007e3400000, 0x00000007e3400000, 0x00000007e3500000|  0%| F|  |TAMS 0x00000007e3400000, 0x00000007e3400000| Untracked 
|  53|0x00000007e3500000, 0x00000007e3500000, 0x00000007e3600000|  0%| F|  |TAMS 0x00000007e3500000, 0x00000007e3500000| Untracked 
|  54|0x00000007e3600000, 0x00000007e3600000, 0x00000007e3700000|  0%| F|  |TAMS 0x00000007e3600000, 0x00000007e3600000| Untracked 
|  55|0x00000007e3700000, 0x00000007e3700000, 0x00000007e3800000|  0%| F|  |TAMS 0x00000007e3700000, 0x00000007e3700000| Untracked 
|  56|0x00000007e3800000, 0x00000007e3800000, 0x00000007e3900000|  0%| F|  |TAMS 0x00000007e3800000, 0x00000007e3800000| Untracked 
|  57|0x00000007e3900000, 0x00000007e3900000, 0x00000007e3a00000|  0%| F|  |TAMS 0x00000007e3900000, 0x00000007e3900000| Untracked 
|  58|0x00000007e3a00000, 0x00000007e3a00000, 0x00000007e3b00000|  0%| F|  |TAMS 0x00000007e3a00000, 0x00000007e3a00000| Untracked 
|  59|0x00000007e3b00000, 0x00000007e3b00000, 0x00000007e3c00000|  0%| F|  |TAMS 0x00000007e3b00000, 0x00000007e3b00000| Untracked 
|  60|0x00000007e3c00000, 0x00000007e3c00000, 0x00000007e3d00000|  0%| F|  |TAMS 0x00000007e3c00000, 0x00000007e3c00000| Untracked 
|  61|0x00000007e3d00000, 0x00000007e3d00000, 0x00000007e3e00000|  0%| F|  |TAMS 0x00000007e3d00000, 0x00000007e3d00000| Untracked 
|  62|0x00000007e3e00000, 0x00000007e3e00000, 0x00000007e3f00000|  0%| F|  |TAMS 0x00000007e3e00000, 0x00000007e3e00000| Untracked 
|  63|0x00000007e3f00000, 0x00000007e3f00000, 0x00000007e4000000|  0%| F|  |TAMS 0x00000007e3f00000, 0x00000007e3f00000| Untracked 
|  64|0x00000007e4000000, 0x00000007e4000000, 0x00000007e4100000|  0%| F|  |TAMS 0x00000007e4000000, 0x00000007e4000000| Untracked 
|  65|0x00000007e4100000, 0x00000007e4100000, 0x00000007e4200000|  0%| F|  |TAMS 0x00000007e4100000, 0x00000007e4100000| Untracked 
|  66|0x00000007e4200000, 0x00000007e4200000, 0x00000007e4300000|  0%| F|  |TAMS 0x00000007e4200000, 0x00000007e4200000| Untracked 
|  67|0x00000007e4300000, 0x00000007e4300000, 0x00000007e4400000|  0%| F|  |TAMS 0x00000007e4300000, 0x00000007e4300000| Untracked 
|  68|0x00000007e4400000, 0x00000007e4400000, 0x00000007e4500000|  0%| F|  |TAMS 0x00000007e4400000, 0x00000007e4400000| Untracked 
|  69|0x00000007e4500000, 0x00000007e4500000, 0x00000007e4600000|  0%| F|  |TAMS 0x00000007e4500000, 0x00000007e4500000| Untracked 
|  70|0x00000007e4600000, 0x00000007e4600000, 0x00000007e4700000|  0%| F|  |TAMS 0x00000007e4600000, 0x00000007e4600000| Untracked 
|  71|0x00000007e4700000, 0x00000007e4700000, 0x00000007e4800000|  0%| F|  |TAMS 0x00000007e4700000, 0x00000007e4700000| Untracked 
|  72|0x00000007e4800000, 0x00000007e4800000, 0x00000007e4900000|  0%| F|  |TAMS 0x00000007e4800000, 0x00000007e4800000| Untracked 
|  73|0x00000007e4900000, 0x00000007e4900000, 0x00000007e4a00000|  0%| F|  |TAMS 0x00000007e4900000, 0x00000007e4900000| Untracked 
|  74|0x00000007e4a00000, 0x00000007e4a00000, 0x00000007e4b00000|  0%| F|  |TAMS 0x00000007e4a00000, 0x00000007e4a00000| Untracked 
|  75|0x00000007e4b00000, 0x00000007e4b00000, 0x00000007e4c00000|  0%| F|  |TAMS 0x00000007e4b00000, 0x00000007e4b00000| Untracked 
|  76|0x00000007e4c00000, 0x00000007e4c00000, 0x00000007e4d00000|  0%| F|  |TAMS 0x00000007e4c00000, 0x00000007e4c00000| Untracked 
|  77|0x00000007e4d00000, 0x00000007e4d00000, 0x00000007e4e00000|  0%| F|  |TAMS 0x00000007e4d00000, 0x00000007e4d00000| Untracked 
|  78|0x00000007e4e00000, 0x00000007e4e00000, 0x00000007e4f00000|  0%| F|  |TAMS 0x00000007e4e00000, 0x00000007e4e00000| Untracked 
|  79|0x00000007e4f00000, 0x00000007e4f00000, 0x00000007e5000000|  0%| F|  |TAMS 0x00000007e4f00000, 0x00000007e4f00000| Untracked 
|  80|0x00000007e5000000, 0x00000007e5000000, 0x00000007e5100000|  0%| F|  |TAMS 0x00000007e5000000, 0x00000007e5000000| Untracked 
|  81|0x00000007e5100000, 0x00000007e5100000, 0x00000007e5200000|  0%| F|  |TAMS 0x00000007e5100000, 0x00000007e5100000| Untracked 
|  82|0x00000007e5200000, 0x00000007e5200000, 0x00000007e5300000|  0%| F|  |TAMS 0x00000007e5200000, 0x00000007e5200000| Untracked 
|  83|0x00000007e5300000, 0x00000007e5300000, 0x00000007e5400000|  0%| F|  |TAMS 0x00000007e5300000, 0x00000007e5300000| Untracked 
|  84|0x00000007e5400000, 0x00000007e5400000, 0x00000007e5500000|  0%| F|  |TAMS 0x00000007e5400000, 0x00000007e5400000| Untracked 
|  85|0x00000007e5500000, 0x00000007e5500000, 0x00000007e5600000|  0%| F|  |TAMS 0x00000007e5500000, 0x00000007e5500000| Untracked 
|  86|0x00000007e5600000, 0x00000007e5600000, 0x00000007e5700000|  0%| F|  |TAMS 0x00000007e5600000, 0x00000007e5600000| Untracked 
|  87|0x00000007e5700000, 0x00000007e5700000, 0x00000007e5800000|  0%| F|  |TAMS 0x00000007e5700000, 0x00000007e5700000| Untracked 
|  88|0x00000007e5800000, 0x00000007e5800000, 0x00000007e5900000|  0%| F|  |TAMS 0x00000007e5800000, 0x00000007e5800000| Untracked 
|  89|0x00000007e5900000, 0x00000007e5900000, 0x00000007e5a00000|  0%| F|  |TAMS 0x00000007e5900000, 0x00000007e5900000| Untracked 
|  90|0x00000007e5a00000, 0x00000007e5a00000, 0x00000007e5b00000|  0%| F|  |TAMS 0x00000007e5a00000, 0x00000007e5a00000| Untracked 
|  91|0x00000007e5b00000, 0x00000007e5b00000, 0x00000007e5c00000|  0%| F|  |TAMS 0x00000007e5b00000, 0x00000007e5b00000| Untracked 
|  92|0x00000007e5c00000, 0x00000007e5c00000, 0x00000007e5d00000|  0%| F|  |TAMS 0x00000007e5c00000, 0x00000007e5c00000| Untracked 
|  93|0x00000007e5d00000, 0x00000007e5d00000, 0x00000007e5e00000|  0%| F|  |TAMS 0x00000007e5d00000, 0x00000007e5d00000| Untracked 
|  94|0x00000007e5e00000, 0x00000007e5e00000, 0x00000007e5f00000|  0%| F|  |TAMS 0x00000007e5e00000, 0x00000007e5e00000| Untracked 
|  95|0x00000007e5f00000, 0x00000007e5f00000, 0x00000007e6000000|  0%| F|  |TAMS 0x00000007e5f00000, 0x00000007e5f00000| Untracked 
|  96|0x00000007e6000000, 0x00000007e6000000, 0x00000007e6100000|  0%| F|  |TAMS 0x00000007e6000000, 0x00000007e6000000| Untracked 
|  97|0x00000007e6100000, 0x00000007e6100000, 0x00000007e6200000|  0%| F|  |TAMS 0x00000007e6100000, 0x00000007e6100000| Untracked 
|  98|0x00000007e6200000, 0x00000007e6200000, 0x00000007e6300000|  0%| F|  |TAMS 0x00000007e6200000, 0x00000007e6200000| Untracked 
|  99|0x00000007e6300000, 0x00000007e6300000, 0x00000007e6400000|  0%| F|  |TAMS 0x00000007e6300000, 0x00000007e6300000| Untracked 
| 100|0x00000007e6400000, 0x00000007e6400000, 0x00000007e6500000|  0%| F|  |TAMS 0x00000007e6400000, 0x00000007e6400000| Untracked 
| 101|0x00000007e6500000, 0x00000007e6500000, 0x00000007e6600000|  0%| F|  |TAMS 0x00000007e6500000, 0x00000007e6500000| Untracked 
| 102|0x00000007e6600000, 0x00000007e6600000, 0x00000007e6700000|  0%| F|  |TAMS 0x00000007e6600000, 0x00000007e6600000| Untracked 
| 103|0x00000007e6700000, 0x00000007e6700000, 0x00000007e6800000|  0%| F|  |TAMS 0x00000007e6700000, 0x00000007e6700000| Untracked 
| 104|0x00000007e6800000, 0x00000007e6800000, 0x00000007e6900000|  0%| F|  |TAMS 0x00000007e6800000, 0x00000007e6800000| Untracked 
| 105|0x00000007e6900000, 0x00000007e6900000, 0x00000007e6a00000|  0%| F|  |TAMS 0x00000007e6900000, 0x00000007e6900000| Untracked 
| 106|0x00000007e6a00000, 0x00000007e6a00000, 0x00000007e6b00000|  0%| F|  |TAMS 0x00000007e6a00000, 0x00000007e6a00000| Untracked 
| 107|0x00000007e6b00000, 0x00000007e6b00000, 0x00000007e6c00000|  0%| F|  |TAMS 0x00000007e6b00000, 0x00000007e6b00000| Untracked 
| 108|0x00000007e6c00000, 0x00000007e6c00000, 0x00000007e6d00000|  0%| F|  |TAMS 0x00000007e6c00000, 0x00000007e6c00000| Untracked 
| 109|0x00000007e6d00000, 0x00000007e6d00000, 0x00000007e6e00000|  0%| F|  |TAMS 0x00000007e6d00000, 0x00000007e6d00000| Untracked 
| 110|0x00000007e6e00000, 0x00000007e6e00000, 0x00000007e6f00000|  0%| F|  |TAMS 0x00000007e6e00000, 0x00000007e6e00000| Untracked 
| 111|0x00000007e6f00000, 0x00000007e6f00000, 0x00000007e7000000|  0%| F|  |TAMS 0x00000007e6f00000, 0x00000007e6f00000| Untracked 
| 112|0x00000007e7000000, 0x00000007e7000000, 0x00000007e7100000|  0%| F|  |TAMS 0x00000007e7000000, 0x00000007e7000000| Untracked 
| 113|0x00000007e7100000, 0x00000007e7100000, 0x00000007e7200000|  0%| F|  |TAMS 0x00000007e7100000, 0x00000007e7100000| Untracked 
| 114|0x00000007e7200000, 0x00000007e7200000, 0x00000007e7300000|  0%| F|  |TAMS 0x00000007e7200000, 0x00000007e7200000| Untracked 
| 115|0x00000007e7300000, 0x00000007e7300000, 0x00000007e7400000|  0%| F|  |TAMS 0x00000007e7300000, 0x00000007e7300000| Untracked 
| 116|0x00000007e7400000, 0x00000007e7400000, 0x00000007e7500000|  0%| F|  |TAMS 0x00000007e7400000, 0x00000007e7400000| Untracked 
| 117|0x00000007e7500000, 0x00000007e7500000, 0x00000007e7600000|  0%| F|  |TAMS 0x00000007e7500000, 0x00000007e7500000| Untracked 
| 118|0x00000007e7600000, 0x00000007e7600000, 0x00000007e7700000|  0%| F|  |TAMS 0x00000007e7600000, 0x00000007e7600000| Untracked 
| 119|0x00000007e7700000, 0x00000007e7700000, 0x00000007e7800000|  0%| F|  |TAMS 0x00000007e7700000, 0x00000007e7700000| Untracked 
| 120|0x00000007e7800000, 0x00000007e7800000, 0x00000007e7900000|  0%| F|  |TAMS 0x00000007e7800000, 0x00000007e7800000| Untracked 
| 121|0x00000007e7900000, 0x00000007e7900000, 0x00000007e7a00000|  0%| F|  |TAMS 0x00000007e7900000, 0x00000007e7900000| Untracked 
| 122|0x00000007e7a00000, 0x00000007e7a00000, 0x00000007e7b00000|  0%| F|  |TAMS 0x00000007e7a00000, 0x00000007e7a00000| Untracked 
| 123|0x00000007e7b00000, 0x00000007e7b00000, 0x00000007e7c00000|  0%| F|  |TAMS 0x00000007e7b00000, 0x00000007e7b00000| Untracked 
| 124|0x00000007e7c00000, 0x00000007e7c00000, 0x00000007e7d00000|  0%| F|  |TAMS 0x00000007e7c00000, 0x00000007e7c00000| Untracked 
| 125|0x00000007e7d00000, 0x00000007e7d00000, 0x00000007e7e00000|  0%| F|  |TAMS 0x00000007e7d00000, 0x00000007e7d00000| Untracked 
| 126|0x00000007e7e00000, 0x00000007e7e00000, 0x00000007e7f00000|  0%| F|  |TAMS 0x00000007e7e00000, 0x00000007e7e00000| Untracked 
| 127|0x00000007e7f00000, 0x00000007e7f00000, 0x00000007e8000000|  0%| F|  |TAMS 0x00000007e7f00000, 0x00000007e7f00000| Untracked 
| 128|0x00000007e8000000, 0x00000007e8000000, 0x00000007e8100000|  0%| F|  |TAMS 0x00000007e8000000, 0x00000007e8000000| Untracked 
| 129|0x00000007e8100000, 0x00000007e8100000, 0x00000007e8200000|  0%| F|  |TAMS 0x00000007e8100000, 0x00000007e8100000| Untracked 
| 130|0x00000007e8200000, 0x00000007e8200000, 0x00000007e8300000|  0%| F|  |TAMS 0x00000007e8200000, 0x00000007e8200000| Untracked 
| 131|0x00000007e8300000, 0x00000007e8300000, 0x00000007e8400000|  0%| F|  |TAMS 0x00000007e8300000, 0x00000007e8300000| Untracked 
| 132|0x00000007e8400000, 0x00000007e8400000, 0x00000007e8500000|  0%| F|  |TAMS 0x00000007e8400000, 0x00000007e8400000| Untracked 
| 133|0x00000007e8500000, 0x00000007e8500000, 0x00000007e8600000|  0%| F|  |TAMS 0x00000007e8500000, 0x00000007e8500000| Untracked 
| 134|0x00000007e8600000, 0x00000007e8600000, 0x00000007e8700000|  0%| F|  |TAMS 0x00000007e8600000, 0x00000007e8600000| Untracked 
| 135|0x00000007e8700000, 0x00000007e8700000, 0x00000007e8800000|  0%| F|  |TAMS 0x00000007e8700000, 0x00000007e8700000| Untracked 
| 136|0x00000007e8800000, 0x00000007e8800000, 0x00000007e8900000|  0%| F|  |TAMS 0x00000007e8800000, 0x00000007e8800000| Untracked 
| 137|0x00000007e8900000, 0x00000007e8900000, 0x00000007e8a00000|  0%| F|  |TAMS 0x00000007e8900000, 0x00000007e8900000| Untracked 
| 138|0x00000007e8a00000, 0x00000007e8a00000, 0x00000007e8b00000|  0%| F|  |TAMS 0x00000007e8a00000, 0x00000007e8a00000| Untracked 
| 139|0x00000007e8b00000, 0x00000007e8b00000, 0x00000007e8c00000|  0%| F|  |TAMS 0x00000007e8b00000, 0x00000007e8b00000| Untracked 
| 140|0x00000007e8c00000, 0x00000007e8c00000, 0x00000007e8d00000|  0%| F|  |TAMS 0x00000007e8c00000, 0x00000007e8c00000| Untracked 
| 141|0x00000007e8d00000, 0x00000007e8d00000, 0x00000007e8e00000|  0%| F|  |TAMS 0x00000007e8d00000, 0x00000007e8d00000| Untracked 
| 142|0x00000007e8e00000, 0x00000007e8e00000, 0x00000007e8f00000|  0%| F|  |TAMS 0x00000007e8e00000, 0x00000007e8e00000| Untracked 
| 143|0x00000007e8f00000, 0x00000007e8f00000, 0x00000007e9000000|  0%| F|  |TAMS 0x00000007e8f00000, 0x00000007e8f00000| Untracked 
| 144|0x00000007e9000000, 0x00000007e9000000, 0x00000007e9100000|  0%| F|  |TAMS 0x00000007e9000000, 0x00000007e9000000| Untracked 
| 145|0x00000007e9100000, 0x00000007e9100000, 0x00000007e9200000|  0%| F|  |TAMS 0x00000007e9100000, 0x00000007e9100000| Untracked 
| 146|0x00000007e9200000, 0x00000007e9200000, 0x00000007e9300000|  0%| F|  |TAMS 0x00000007e9200000, 0x00000007e9200000| Untracked 
| 147|0x00000007e9300000, 0x00000007e9300000, 0x00000007e9400000|  0%| F|  |TAMS 0x00000007e9300000, 0x00000007e9300000| Untracked 
| 148|0x00000007e9400000, 0x00000007e9400000, 0x00000007e9500000|  0%| F|  |TAMS 0x00000007e9400000, 0x00000007e9400000| Untracked 
| 149|0x00000007e9500000, 0x00000007e9500000, 0x00000007e9600000|  0%| F|  |TAMS 0x00000007e9500000, 0x00000007e9500000| Untracked 
| 150|0x00000007e9600000, 0x00000007e9600000, 0x00000007e9700000|  0%| F|  |TAMS 0x00000007e9600000, 0x00000007e9600000| Untracked 
| 151|0x00000007e9700000, 0x00000007e9700000, 0x00000007e9800000|  0%| F|  |TAMS 0x00000007e9700000, 0x00000007e9700000| Untracked 
| 152|0x00000007e9800000, 0x00000007e9800000, 0x00000007e9900000|  0%| F|  |TAMS 0x00000007e9800000, 0x00000007e9800000| Untracked 
| 153|0x00000007e9900000, 0x00000007e9900000, 0x00000007e9a00000|  0%| F|  |TAMS 0x00000007e9900000, 0x00000007e9900000| Untracked 
| 154|0x00000007e9a00000, 0x00000007e9a00000, 0x00000007e9b00000|  0%| F|  |TAMS 0x00000007e9a00000, 0x00000007e9a00000| Untracked 
| 155|0x00000007e9b00000, 0x00000007e9b00000, 0x00000007e9c00000|  0%| F|  |TAMS 0x00000007e9b00000, 0x00000007e9b00000| Untracked 
| 156|0x00000007e9c00000, 0x00000007e9c00000, 0x00000007e9d00000|  0%| F|  |TAMS 0x00000007e9c00000, 0x00000007e9c00000| Untracked 
| 157|0x00000007e9d00000, 0x00000007e9d00000, 0x00000007e9e00000|  0%| F|  |TAMS 0x00000007e9d00000, 0x00000007e9d00000| Untracked 
| 158|0x00000007e9e00000, 0x00000007e9e00000, 0x00000007e9f00000|  0%| F|  |TAMS 0x00000007e9e00000, 0x00000007e9e00000| Untracked 
| 159|0x00000007e9f00000, 0x00000007e9f00000, 0x00000007ea000000|  0%| F|  |TAMS 0x00000007e9f00000, 0x00000007e9f00000| Untracked 
| 160|0x00000007ea000000, 0x00000007ea000000, 0x00000007ea100000|  0%| F|  |TAMS 0x00000007ea000000, 0x00000007ea000000| Untracked 
| 161|0x00000007ea100000, 0x00000007ea100000, 0x00000007ea200000|  0%| F|  |TAMS 0x00000007ea100000, 0x00000007ea100000| Untracked 
| 162|0x00000007ea200000, 0x00000007ea200000, 0x00000007ea300000|  0%| F|  |TAMS 0x00000007ea200000, 0x00000007ea200000| Untracked 
| 163|0x00000007ea300000, 0x00000007ea300000, 0x00000007ea400000|  0%| F|  |TAMS 0x00000007ea300000, 0x00000007ea300000| Untracked 
| 164|0x00000007ea400000, 0x00000007ea400000, 0x00000007ea500000|  0%| F|  |TAMS 0x00000007ea400000, 0x00000007ea400000| Untracked 
| 165|0x00000007ea500000, 0x00000007ea500000, 0x00000007ea600000|  0%| F|  |TAMS 0x00000007ea500000, 0x00000007ea500000| Untracked 
| 166|0x00000007ea600000, 0x00000007ea600000, 0x00000007ea700000|  0%| F|  |TAMS 0x00000007ea600000, 0x00000007ea600000| Untracked 
| 167|0x00000007ea700000, 0x00000007ea700000, 0x00000007ea800000|  0%| F|  |TAMS 0x00000007ea700000, 0x00000007ea700000| Untracked 
| 168|0x00000007ea800000, 0x00000007ea800000, 0x00000007ea900000|  0%| F|  |TAMS 0x00000007ea800000, 0x00000007ea800000| Untracked 
| 169|0x00000007ea900000, 0x00000007ea900000, 0x00000007eaa00000|  0%| F|  |TAMS 0x00000007ea900000, 0x00000007ea900000| Untracked 
| 170|0x00000007eaa00000, 0x00000007eaa00000, 0x00000007eab00000|  0%| F|  |TAMS 0x00000007eaa00000, 0x00000007eaa00000| Untracked 
| 171|0x00000007eab00000, 0x00000007eab00000, 0x00000007eac00000|  0%| F|  |TAMS 0x00000007eab00000, 0x00000007eab00000| Untracked 
| 172|0x00000007eac00000, 0x00000007eac00000, 0x00000007ead00000|  0%| F|  |TAMS 0x00000007eac00000, 0x00000007eac00000| Untracked 
| 173|0x00000007ead00000, 0x00000007ead00000, 0x00000007eae00000|  0%| F|  |TAMS 0x00000007ead00000, 0x00000007ead00000| Untracked 
| 174|0x00000007eae00000, 0x00000007eae00000, 0x00000007eaf00000|  0%| F|  |TAMS 0x00000007eae00000, 0x00000007eae00000| Untracked 
| 175|0x00000007eaf00000, 0x00000007eaf00000, 0x00000007eb000000|  0%| F|  |TAMS 0x00000007eaf00000, 0x00000007eaf00000| Untracked 
| 176|0x00000007eb000000, 0x00000007eb000000, 0x00000007eb100000|  0%| F|  |TAMS 0x00000007eb000000, 0x00000007eb000000| Untracked 
| 177|0x00000007eb100000, 0x00000007eb100000, 0x00000007eb200000|  0%| F|  |TAMS 0x00000007eb100000, 0x00000007eb100000| Untracked 
| 178|0x00000007eb200000, 0x00000007eb200000, 0x00000007eb300000|  0%| F|  |TAMS 0x00000007eb200000, 0x00000007eb200000| Untracked 
| 179|0x00000007eb300000, 0x00000007eb300000, 0x00000007eb400000|  0%| F|  |TAMS 0x00000007eb300000, 0x00000007eb300000| Untracked 
| 180|0x00000007eb400000, 0x00000007eb400000, 0x00000007eb500000|  0%| F|  |TAMS 0x00000007eb400000, 0x00000007eb400000| Untracked 
| 181|0x00000007eb500000, 0x00000007eb500000, 0x00000007eb600000|  0%| F|  |TAMS 0x00000007eb500000, 0x00000007eb500000| Untracked 
| 182|0x00000007eb600000, 0x00000007eb600000, 0x00000007eb700000|  0%| F|  |TAMS 0x00000007eb600000, 0x00000007eb600000| Untracked 
| 183|0x00000007eb700000, 0x00000007eb700000, 0x00000007eb800000|  0%| F|  |TAMS 0x00000007eb700000, 0x00000007eb700000| Untracked 
| 184|0x00000007eb800000, 0x00000007eb800000, 0x00000007eb900000|  0%| F|  |TAMS 0x00000007eb800000, 0x00000007eb800000| Untracked 
| 185|0x00000007eb900000, 0x00000007eb900000, 0x00000007eba00000|  0%| F|  |TAMS 0x00000007eb900000, 0x00000007eb900000| Untracked 
| 186|0x00000007eba00000, 0x00000007eba00000, 0x00000007ebb00000|  0%| F|  |TAMS 0x00000007eba00000, 0x00000007eba00000| Untracked 
| 187|0x00000007ebb00000, 0x00000007ebb00000, 0x00000007ebc00000|  0%| F|  |TAMS 0x00000007ebb00000, 0x00000007ebb00000| Untracked 
| 188|0x00000007ebc00000, 0x00000007ebc00000, 0x00000007ebd00000|  0%| F|  |TAMS 0x00000007ebc00000, 0x00000007ebc00000| Untracked 
| 189|0x00000007ebd00000, 0x00000007ebd00000, 0x00000007ebe00000|  0%| F|  |TAMS 0x00000007ebd00000, 0x00000007ebd00000| Untracked 
| 190|0x00000007ebe00000, 0x00000007ebe00000, 0x00000007ebf00000|  0%| F|  |TAMS 0x00000007ebe00000, 0x00000007ebe00000| Untracked 
| 191|0x00000007ebf00000, 0x00000007ebf00000, 0x00000007ec000000|  0%| F|  |TAMS 0x00000007ebf00000, 0x00000007ebf00000| Untracked 
| 192|0x00000007ec000000, 0x00000007ec000000, 0x00000007ec100000|  0%| F|  |TAMS 0x00000007ec000000, 0x00000007ec000000| Untracked 
| 193|0x00000007ec100000, 0x00000007ec100000, 0x00000007ec200000|  0%| F|  |TAMS 0x00000007ec100000, 0x00000007ec100000| Untracked 
| 194|0x00000007ec200000, 0x00000007ec200000, 0x00000007ec300000|  0%| F|  |TAMS 0x00000007ec200000, 0x00000007ec200000| Untracked 
| 195|0x00000007ec300000, 0x00000007ec300000, 0x00000007ec400000|  0%| F|  |TAMS 0x00000007ec300000, 0x00000007ec300000| Untracked 
| 196|0x00000007ec400000, 0x00000007ec400000, 0x00000007ec500000|  0%| F|  |TAMS 0x00000007ec400000, 0x00000007ec400000| Untracked 
| 197|0x00000007ec500000, 0x00000007ec500000, 0x00000007ec600000|  0%| F|  |TAMS 0x00000007ec500000, 0x00000007ec500000| Untracked 
| 198|0x00000007ec600000, 0x00000007ec600000, 0x00000007ec700000|  0%| F|  |TAMS 0x00000007ec600000, 0x00000007ec600000| Untracked 
| 199|0x00000007ec700000, 0x00000007ec700000, 0x00000007ec800000|  0%| F|  |TAMS 0x00000007ec700000, 0x00000007ec700000| Untracked 
| 200|0x00000007ec800000, 0x00000007ec800000, 0x00000007ec900000|  0%| F|  |TAMS 0x00000007ec800000, 0x00000007ec800000| Untracked 
| 201|0x00000007ec900000, 0x00000007ec900000, 0x00000007eca00000|  0%| F|  |TAMS 0x00000007ec900000, 0x00000007ec900000| Untracked 
| 202|0x00000007eca00000, 0x00000007eca00000, 0x00000007ecb00000|  0%| F|  |TAMS 0x00000007eca00000, 0x00000007eca00000| Untracked 
| 203|0x00000007ecb00000, 0x00000007ecb00000, 0x00000007ecc00000|  0%| F|  |TAMS 0x00000007ecb00000, 0x00000007ecb00000| Untracked 
| 204|0x00000007ecc00000, 0x00000007ecc00000, 0x00000007ecd00000|  0%| F|  |TAMS 0x00000007ecc00000, 0x00000007ecc00000| Untracked 
| 205|0x00000007ecd00000, 0x00000007ecd00000, 0x00000007ece00000|  0%| F|  |TAMS 0x00000007ecd00000, 0x00000007ecd00000| Untracked 
| 206|0x00000007ece00000, 0x00000007ece00000, 0x00000007ecf00000|  0%| F|  |TAMS 0x00000007ece00000, 0x00000007ece00000| Untracked 
| 207|0x00000007ecf00000, 0x00000007ecf00000, 0x00000007ed000000|  0%| F|  |TAMS 0x00000007ecf00000, 0x00000007ecf00000| Untracked 
| 208|0x00000007ed000000, 0x00000007ed000000, 0x00000007ed100000|  0%| F|  |TAMS 0x00000007ed000000, 0x00000007ed000000| Untracked 
| 209|0x00000007ed100000, 0x00000007ed100000, 0x00000007ed200000|  0%| F|  |TAMS 0x00000007ed100000, 0x00000007ed100000| Untracked 
| 210|0x00000007ed200000, 0x00000007ed200000, 0x00000007ed300000|  0%| F|  |TAMS 0x00000007ed200000, 0x00000007ed200000| Untracked 
| 211|0x00000007ed300000, 0x00000007ed300000, 0x00000007ed400000|  0%| F|  |TAMS 0x00000007ed300000, 0x00000007ed300000| Untracked 
| 212|0x00000007ed400000, 0x00000007ed400000, 0x00000007ed500000|  0%| F|  |TAMS 0x00000007ed400000, 0x00000007ed400000| Untracked 
| 213|0x00000007ed500000, 0x00000007ed500000, 0x00000007ed600000|  0%| F|  |TAMS 0x00000007ed500000, 0x00000007ed500000| Untracked 
| 214|0x00000007ed600000, 0x00000007ed600000, 0x00000007ed700000|  0%| F|  |TAMS 0x00000007ed600000, 0x00000007ed600000| Untracked 
| 215|0x00000007ed700000, 0x00000007ed700000, 0x00000007ed800000|  0%| F|  |TAMS 0x00000007ed700000, 0x00000007ed700000| Untracked 
| 216|0x00000007ed800000, 0x00000007ed800000, 0x00000007ed900000|  0%| F|  |TAMS 0x00000007ed800000, 0x00000007ed800000| Untracked 
| 217|0x00000007ed900000, 0x00000007ed900000, 0x00000007eda00000|  0%| F|  |TAMS 0x00000007ed900000, 0x00000007ed900000| Untracked 
| 218|0x00000007eda00000, 0x00000007eda00000, 0x00000007edb00000|  0%| F|  |TAMS 0x00000007eda00000, 0x00000007eda00000| Untracked 
| 219|0x00000007edb00000, 0x00000007edb00000, 0x00000007edc00000|  0%| F|  |TAMS 0x00000007edb00000, 0x00000007edb00000| Untracked 
| 220|0x00000007edc00000, 0x00000007edc00000, 0x00000007edd00000|  0%| F|  |TAMS 0x00000007edc00000, 0x00000007edc00000| Untracked 
| 221|0x00000007edd00000, 0x00000007edd00000, 0x00000007ede00000|  0%| F|  |TAMS 0x00000007edd00000, 0x00000007edd00000| Untracked 
| 222|0x00000007ede00000, 0x00000007ede00000, 0x00000007edf00000|  0%| F|  |TAMS 0x00000007ede00000, 0x00000007ede00000| Untracked 
| 223|0x00000007edf00000, 0x00000007edf00000, 0x00000007ee000000|  0%| F|  |TAMS 0x00000007edf00000, 0x00000007edf00000| Untracked 
| 224|0x00000007ee000000, 0x00000007ee000000, 0x00000007ee100000|  0%| F|  |TAMS 0x00000007ee000000, 0x00000007ee000000| Untracked 
| 225|0x00000007ee100000, 0x00000007ee100000, 0x00000007ee200000|  0%| F|  |TAMS 0x00000007ee100000, 0x00000007ee100000| Untracked 
| 226|0x00000007ee200000, 0x00000007ee200000, 0x00000007ee300000|  0%| F|  |TAMS 0x00000007ee200000, 0x00000007ee200000| Untracked 
| 227|0x00000007ee300000, 0x00000007ee300000, 0x00000007ee400000|  0%| F|  |TAMS 0x00000007ee300000, 0x00000007ee300000| Untracked 
| 228|0x00000007ee400000, 0x00000007ee400000, 0x00000007ee500000|  0%| F|  |TAMS 0x00000007ee400000, 0x00000007ee400000| Untracked 
| 229|0x00000007ee500000, 0x00000007ee500000, 0x00000007ee600000|  0%| F|  |TAMS 0x00000007ee500000, 0x00000007ee500000| Untracked 
| 230|0x00000007ee600000, 0x00000007ee600000, 0x00000007ee700000|  0%| F|  |TAMS 0x00000007ee600000, 0x00000007ee600000| Untracked 
| 231|0x00000007ee700000, 0x00000007ee700000, 0x00000007ee800000|  0%| F|  |TAMS 0x00000007ee700000, 0x00000007ee700000| Untracked 
| 232|0x00000007ee800000, 0x00000007ee800000, 0x00000007ee900000|  0%| F|  |TAMS 0x00000007ee800000, 0x00000007ee800000| Untracked 
| 233|0x00000007ee900000, 0x00000007ee900000, 0x00000007eea00000|  0%| F|  |TAMS 0x00000007ee900000, 0x00000007ee900000| Untracked 
| 234|0x00000007eea00000, 0x00000007eea00000, 0x00000007eeb00000|  0%| F|  |TAMS 0x00000007eea00000, 0x00000007eea00000| Untracked 
| 235|0x00000007eeb00000, 0x00000007eeb00000, 0x00000007eec00000|  0%| F|  |TAMS 0x00000007eeb00000, 0x00000007eeb00000| Untracked 
| 236|0x00000007eec00000, 0x00000007eec00000, 0x00000007eed00000|  0%| F|  |TAMS 0x00000007eec00000, 0x00000007eec00000| Untracked 
| 237|0x00000007eed00000, 0x00000007eed00000, 0x00000007eee00000|  0%| F|  |TAMS 0x00000007eed00000, 0x00000007eed00000| Untracked 
| 238|0x00000007eee00000, 0x00000007eee00000, 0x00000007eef00000|  0%| F|  |TAMS 0x00000007eee00000, 0x00000007eee00000| Untracked 
| 239|0x00000007eef00000, 0x00000007eef00000, 0x00000007ef000000|  0%| F|  |TAMS 0x00000007eef00000, 0x00000007eef00000| Untracked 
| 240|0x00000007ef000000, 0x00000007ef000000, 0x00000007ef100000|  0%| F|  |TAMS 0x00000007ef000000, 0x00000007ef000000| Untracked 
| 241|0x00000007ef100000, 0x00000007ef100000, 0x00000007ef200000|  0%| F|  |TAMS 0x00000007ef100000, 0x00000007ef100000| Untracked 
| 242|0x00000007ef200000, 0x00000007ef200000, 0x00000007ef300000|  0%| F|  |TAMS 0x00000007ef200000, 0x00000007ef200000| Untracked 
| 243|0x00000007ef300000, 0x00000007ef300000, 0x00000007ef400000|  0%| F|  |TAMS 0x00000007ef300000, 0x00000007ef300000| Untracked 
| 244|0x00000007ef400000, 0x00000007ef400000, 0x00000007ef500000|  0%| F|  |TAMS 0x00000007ef400000, 0x00000007ef400000| Untracked 
| 245|0x00000007ef500000, 0x00000007ef500000, 0x00000007ef600000|  0%| F|  |TAMS 0x00000007ef500000, 0x00000007ef500000| Untracked 
| 246|0x00000007ef600000, 0x00000007ef600000, 0x00000007ef700000|  0%| F|  |TAMS 0x00000007ef600000, 0x00000007ef600000| Untracked 
| 247|0x00000007ef700000, 0x00000007ef700000, 0x00000007ef800000|  0%| F|  |TAMS 0x00000007ef700000, 0x00000007ef700000| Untracked 
| 248|0x00000007ef800000, 0x00000007ef800000, 0x00000007ef900000|  0%| F|  |TAMS 0x00000007ef800000, 0x00000007ef800000| Untracked 
| 249|0x00000007ef900000, 0x00000007ef9f6850, 0x00000007efa00000| 96%| E|  |TAMS 0x00000007ef900000, 0x00000007ef900000| Complete 
| 250|0x00000007efa00000, 0x00000007efb00000, 0x00000007efb00000|100%| E|CS|TAMS 0x00000007efa00000, 0x00000007efa00000| Complete 
| 251|0x00000007efb00000, 0x00000007efc00000, 0x00000007efc00000|100%| E|CS|TAMS 0x00000007efb00000, 0x00000007efb00000| Complete 
| 252|0x00000007efc00000, 0x00000007efd00000, 0x00000007efd00000|100%| E|CS|TAMS 0x00000007efc00000, 0x00000007efc00000| Complete 
| 253|0x00000007efd00000, 0x00000007efe00000, 0x00000007efe00000|100%| E|CS|TAMS 0x00000007efd00000, 0x00000007efd00000| Complete 
| 254|0x00000007efe00000, 0x00000007eff00000, 0x00000007eff00000|100%| E|CS|TAMS 0x00000007efe00000, 0x00000007efe00000| Complete 
| 255|0x00000007eff00000, 0x00000007f0000000, 0x00000007f0000000|100%| E|  |TAMS 0x00000007eff00000, 0x00000007eff00000| Complete 
| 510|0x00000007ffe00000, 0x00000007ffe47000, 0x00000007fff00000| 27%|OA|  |TAMS 0x00000007ffe00000, 0x00000007ffe00000| Untracked 
| 511|0x00000007fff00000, 0x00000007fff76000, 0x0000000800000000| 46%|CA|  |TAMS 0x00000007fff00000, 0x00000007fff00000| Untracked 

Card table byte_map: [0x0000000129076000,0x0000000129176000] _byte_map_base: 0x0000000125176000

Marking Bits (Prev, Next): (CMBitMap*) 0x00007fd6cd9e3218, (CMBitMap*) 0x00007fd6cd9e3258
 Prev Bits: [0x0000000129276000, 0x0000000129a76000)
 Next Bits: [0x0000000129a76000, 0x000000012a276000)

Polling page: 0x000000010b42e000

Metaspace:

Usage:
  Non-class:      5.18 MB capacity,     2.82 MB ( 54%) used,     2.35 MB ( 45%) free+waste,     7.00 KB ( <1%) overhead. 
      Class:    583.00 KB capacity,   339.84 KB ( 58%) used,   239.03 KB ( 41%) free+waste,     4.12 KB ( <1%) overhead. 
       Both:      5.75 MB capacity,     3.15 MB ( 55%) used,     2.58 MB ( 45%) free+waste,    11.12 KB ( <1%) overhead. 

Virtual space:
  Non-class space:        8.00 MB reserved,       5.25 MB ( 66%) committed 
      Class space:        1.00 GB reserved,     640.00 KB ( <1%) committed 
             Both:        1.01 GB reserved,       5.88 MB ( <1%) committed 

Chunk freelists:
   Non-Class:  47.00 KB
       Class:  5.00 KB
        Both:  52.00 KB

MaxMetaspaceSize: unlimited
CompressedClassSpaceSize: 1.00 GB

CodeHeap 'non-profiled nmethods': size=120032Kb used=142Kb max_used=142Kb free=119890Kb
 bounds [0x000000012123e000, 0x00000001214ae000, 0x0000000128776000]
CodeHeap 'profiled nmethods': size=120028Kb used=942Kb max_used=942Kb free=119085Kb
 bounds [0x0000000119d07000, 0x0000000119f77000, 0x000000012123e000]
CodeHeap 'non-nmethods': size=5700Kb used=1160Kb max_used=1172Kb free=4539Kb
 bounds [0x0000000119776000, 0x00000001199e6000, 0x0000000119d07000]
 total_blobs=1031 nmethods=507 adapters=322
 compilation: enabled
              stopped_count=0, restarted_count=0
 full_count=0

Compilation events (20 events):
Event: 36.661 Thread 0x00007fd6d9f4f800  498       3       java.util.WeakHashMap::hash (28 bytes)
Event: 36.662 Thread 0x00007fd6d9f4f800 nmethod 498 0x0000000119debc10 code [0x0000000119debdc0, 0x0000000119dec028]
Event: 36.662 Thread 0x00007fd6d9f4f800  492       3       java.io.RandomAccessFile::seek (22 bytes)
Event: 36.662 Thread 0x00007fd6d9f4f800 nmethod 492 0x0000000119dec110 code [0x0000000119dec2e0, 0x0000000119dec5b8]
Event: 36.662 Thread 0x00007fd6d9f4f800  504   !   3       java.nio.DirectLongBufferU::get (31 bytes)
Event: 36.662 Thread 0x00007fd6d9f4f800 nmethod 504 0x0000000119dec710 code [0x0000000119dec8e0, 0x0000000119decc50]
Event: 36.662 Thread 0x00007fd6d9f4f800  505       3       jdk.internal.misc.Unsafe::getLong (7 bytes)
Event: 36.662 Thread 0x00007fd6d9f4f800 nmethod 505 0x0000000119dece90 code [0x0000000119ded020, 0x0000000119ded1b0]
Event: 36.662 Thread 0x00007fd6d9f4f800  501       3       java.io.File::<init> (111 bytes)
Event: 36.662 Thread 0x00007fd6d9f4f800 nmethod 501 0x0000000119ded210 code [0x0000000119ded4c0, 0x0000000119dee1b8]
Event: 36.662 Thread 0x00007fd6d9f4f800  502   !   3       jdk.internal.loader.URLClassPath$FileLoader::getResource (164 bytes)
Event: 36.664 Thread 0x00007fd6d9f4f800 nmethod 502 0x0000000119dee610 code [0x0000000119dee9e0, 0x0000000119df05d8]
Event: 36.664 Thread 0x00007fd6d9f4f800  506       3       java.util.jar.JarFile::getJarEntry (9 bytes)
Event: 36.664 Thread 0x00007fd6d9f4f800 nmethod 506 0x0000000119df1190 code [0x0000000119df13a0, 0x0000000119df1c28]
Event: 36.664 Thread 0x00007fd6d9f4f800  507       3       java.util.jar.JarFile::getEntry (22 bytes)
Event: 36.664 Thread 0x00007fd6d9f4f800 nmethod 507 0x0000000119df1e90 code [0x0000000119df20a0, 0x0000000119df28a8]
Event: 36.664 Thread 0x00007fd6d9f4f800  500       1       java.nio.HeapByteBuffer::isDirect (2 bytes)
Event: 36.664 Thread 0x00007fd6d9f4f800 nmethod 500 0x0000000121261210 code [0x00000001212613a0, 0x00000001212614d0]
Event: 36.664 Thread 0x00007fd6d9f4f800  503       1       java.util.zip.ZipEntry::getSize (5 bytes)
Event: 36.664 Thread 0x00007fd6d9f4f800 nmethod 503 0x0000000121261510 code [0x00000001212616a0, 0x00000001212617d0]

GC Heap History (0 events):
No events

Deoptimization events (20 events):
Event: 36.571 Thread 0x00007fd6bd078800 DEOPT PACKING pc=0x0000000119d40968 sp=0x00007ffee7f87f80
Event: 36.571 Thread 0x00007fd6bd078800 DEOPT UNPACKING pc=0x00000001197bf33a sp=0x00007ffee7f873f0 mode 0
Event: 36.603 Thread 0x00007fd6bd078800 Uncommon trap: trap_request=0xffffff45 fr.pc=0x00000001212549f4 relative=0x0000000000000354
Event: 36.603 Thread 0x00007fd6bd078800 Uncommon trap: reason=unstable_if action=reinterpret pc=0x00000001212549f4 method=java.lang.StringLatin1.indexOf([BI[BII)I @ 91 c2
Event: 36.603 Thread 0x00007fd6bd078800 DEOPT PACKING pc=0x00000001212549f4 sp=0x00007ffee7f88600
Event: 36.603 Thread 0x00007fd6bd078800 DEOPT UNPACKING pc=0x00000001197bee25 sp=0x00007ffee7f88580 mode 2
Event: 36.605 Thread 0x00007fd6bd078800 Uncommon trap: trap_request=0xffffff45 fr.pc=0x000000012124efe8 relative=0x0000000000000068
Event: 36.605 Thread 0x00007fd6bd078800 Uncommon trap: reason=unstable_if action=reinterpret pc=0x000000012124efe8 method=java.lang.String.isLatin1()Z @ 10 c2
Event: 36.605 Thread 0x00007fd6bd078800 DEOPT PACKING pc=0x000000012124efe8 sp=0x00007ffee7f88910
Event: 36.605 Thread 0x00007fd6bd078800 DEOPT UNPACKING pc=0x00000001197bee25 sp=0x00007ffee7f888c0 mode 2
Event: 36.614 Thread 0x00007fd6bd078800 DEOPT PACKING pc=0x0000000119d9da68 sp=0x00007ffee7f85780
Event: 36.614 Thread 0x00007fd6bd078800 DEOPT UNPACKING pc=0x00000001197bf33a sp=0x00007ffee7f84bf0 mode 0
Event: 36.618 Thread 0x00007fd6bd078800 DEOPT PACKING pc=0x0000000119d9da68 sp=0x00007ffee7f85670
Event: 36.618 Thread 0x00007fd6bd078800 DEOPT UNPACKING pc=0x00000001197bf33a sp=0x00007ffee7f84ae0 mode 0
Event: 36.621 Thread 0x00007fd6bd078800 DEOPT PACKING pc=0x0000000119d9da68 sp=0x00007ffee7f881e0
Event: 36.621 Thread 0x00007fd6bd078800 DEOPT UNPACKING pc=0x00000001197bf33a sp=0x00007ffee7f87650 mode 0
Event: 36.628 Thread 0x00007fd6bd078800 DEOPT PACKING pc=0x0000000119d9da68 sp=0x00007ffee7f88320
Event: 36.628 Thread 0x00007fd6bd078800 DEOPT UNPACKING pc=0x00000001197bf33a sp=0x00007ffee7f87790 mode 0
Event: 36.632 Thread 0x00007fd6bd078800 DEOPT PACKING pc=0x0000000119d9da68 sp=0x00007ffee7f87de0
Event: 36.633 Thread 0x00007fd6bd078800 DEOPT UNPACKING pc=0x00000001197bf33a sp=0x00007ffee7f87250 mode 0

Classes unloaded (0 events):
No events

Classes redefined (0 events):
No events

Internal exceptions (2 events):
Event: 36.584 Thread 0x00007fd6bd078800 Exception <a 'java/lang/NoSuchMethodError'{0x00000007efc96c38}: 'java.lang.Object java.lang.invoke.DirectMethodHandle$Holder.invokeStaticInit(java.lang.Object, java.lang.Object, java.lang.Object)'> (0x00000007efc96c38) 
thrown [/scratch/mesos/slaves/fcf4c0c4-d73e-4321-860c-6613427db92b-S1400/frameworks/1735e8a2-a1db-478c-8104-60c8b0af87dd-0196/executors/daacdadf-a1b9-40bc-9978-e61e217c02bb/runs/8ae9fce2-2d0e-4b1f-b6c6-d913bc747292/workspace/open/src/hotspot/share/interpreter/linkResolver.cpp, line 767]
Event: 320.696 Thread 0x00007fd6bd078800 Exception <a 'java/lang/NullPointerException'{0x00000007ef9e6238}> (0x00000007ef9e6238) 
thrown [/scratch/mesos/slaves/fcf4c0c4-d73e-4321-860c-6613427db92b-S1400/frameworks/1735e8a2-a1db-478c-8104-60c8b0af87dd-0196/executors/daacdadf-a1b9-40bc-9978-e61e217c02bb/runs/8ae9fce2-2d0e-4b1f-b6c6-d913bc747292/workspace/open/src/hotspot/share/interpreter/linkResolver.cpp, line 1349]

Events (20 events):
Event: 36.659 loading class org/postgresql/util/PGobject
Event: 36.659 loading class org/postgresql/util/PGobject done
Event: 36.659 loading class org/postgresql/geometric/PGcircle
Event: 36.659 loading class org/postgresql/geometric/PGcircle done
Event: 36.659 loading class org/postgresql/geometric/PGline
Event: 36.659 loading class org/postgresql/geometric/PGline done
Event: 36.660 loading class org/postgresql/geometric/PGlseg
Event: 36.660 loading class org/postgresql/geometric/PGlseg done
Event: 36.660 loading class org/postgresql/geometric/PGpath
Event: 36.660 loading class org/postgresql/geometric/PGpath done
Event: 36.660 loading class org/postgresql/geometric/PGpoint
Event: 36.660 loading class org/postgresql/geometric/PGpoint done
Event: 36.660 loading class org/postgresql/geometric/PGpolygon
Event: 36.660 loading class org/postgresql/geometric/PGpolygon done
Event: 36.661 loading class org/postgresql/util/PGmoney
Event: 36.661 loading class org/postgresql/util/PGmoney done
Event: 36.661 loading class org/postgresql/util/PGInterval
Event: 36.661 loading class org/postgresql/util/PGInterval done
Event: 36.663 loading class org/postgresql/jdbc/PgDatabaseMetaData
Event: 36.663 loading class org/postgresql/jdbc/PgDatabaseMetaData done


Dynamic libraries:
0x00000001088d8000 	/Library/Frameworks/R.framework/Resources/lib/libR.dylib
0x00007fff48e43000 	/System/Library/Frameworks/AppKit.framework/Versions/C/AppKit
0x00007fff49c4a000 	/System/Library/Frameworks/ApplicationServices.framework/Versions/A/ApplicationServices
0x00007fff4b82d000 	/System/Library/Frameworks/CoreFoundation.framework/Versions/A/CoreFoundation
0x00007fff4dab2000 	/System/Library/Frameworks/Foundation.framework/Versions/C/Foundation
0x00007fff4e16a000 	/System/Library/Frameworks/IOKit.framework/Versions/A/IOKit
0x00007fff56d7c000 	/System/Library/Frameworks/Security.framework/Versions/A/Security
0x00007fff749f0000 	/usr/lib/libbsm.0.dylib
0x00007fff747ca000 	/usr/lib/libSystem.B.dylib
0x00007fff76e73000 	/usr/lib/libz.1.dylib
0x00007fff4ca84000 	/System/Library/Frameworks/CoreServices.framework/Versions/A/CoreServices
0x0000000108dc7000 	/Applications/RStudio.app/Contents/Frameworks/libssl.1.1.dylib
0x0000000108e45000 	/Applications/RStudio.app/Contents/Frameworks/libcrypto.1.1.dylib
0x00007fff74a0f000 	/usr/lib/libc++.1.dylib
0x00007fff4bc74000 	/System/Library/Frameworks/CoreGraphics.framework/Versions/A/CoreGraphics
0x00007fff4d45c000 	/System/Library/Frameworks/CoreText.framework/Versions/A/CoreText
0x00007fff76003000 	/usr/lib/libobjc.A.dylib
0x00007fff6e28d000 	/System/Library/PrivateFrameworks/RemoteViewServices.framework/Versions/A/RemoteViewServices
0x00007fff72506000 	/System/Library/PrivateFrameworks/UIFoundation.framework/Versions/A/UIFoundation
0x00007fff73beb000 	/System/Library/PrivateFrameworks/XCTTargetBootstrap.framework/Versions/A/XCTTargetBootstrap
0x00007fff4b73c000 	/System/Library/Frameworks/CoreDisplay.framework/Versions/A/CoreDisplay
0x00007fff68fc5000 	/System/Library/PrivateFrameworks/IconServices.framework/Versions/A/IconServices
0x00007fff503e7000 	/System/Library/Frameworks/Metal.framework/Versions/A/Metal
0x00007fff60509000 	/System/Library/PrivateFrameworks/DesktopServicesPriv.framework/Versions/A/DesktopServicesPriv
0x00007fff75366000 	/usr/lib/libenergytrace.dylib
0x00007fff709ec000 	/System/Library/PrivateFrameworks/SkyLight.framework/Versions/A/SkyLight
0x00007fff47c0f000 	/System/Library/Frameworks/Accelerate.framework/Versions/A/Accelerate
0x00007fff4e1fb000 	/System/Library/Frameworks/IOSurface.framework/Versions/A/IOSurface
0x00007fff60375000 	/System/Library/PrivateFrameworks/DFRFoundation.framework/Versions/A/DFRFoundation
0x00007fff4a12d000 	/System/Library/Frameworks/AudioToolbox.framework/Versions/A/AudioToolbox
0x00007fff4a3a6000 	/System/Library/Frameworks/AudioUnit.framework/Versions/A/AudioUnit
0x00007fff4b3b6000 	/System/Library/Frameworks/CoreData.framework/Versions/A/CoreData
0x00007fff6040a000 	/System/Library/PrivateFrameworks/DataDetectorsCore.framework/Versions/A/DataDetectorsCore
0x00007fff4aabb000 	/System/Library/Frameworks/Carbon.framework/Versions/A/Frameworks/HIToolbox.framework/Versions/A/HIToolbox
0x00007fff754bf000 	/usr/lib/libicucore.A.dylib
0x00007fff562ef000 	/System/Library/Frameworks/QuartzCore.framework/Versions/A/QuartzCore
0x00007fff4ae90000 	/System/Library/Frameworks/Carbon.framework/Versions/A/Frameworks/SpeechRecognition.framework/Versions/A/SpeechRecognition
0x00007fff7491e000 	/usr/lib/libauto.dylib
0x00007fff76d66000 	/usr/lib/libxml2.2.dylib
0x00007fff5ff50000 	/System/Library/PrivateFrameworks/CoreUI.framework/Versions/A/CoreUI
0x00007fff4b2a1000 	/System/Library/Frameworks/CoreAudio.framework/Versions/A/CoreAudio
0x00007fff4d8e6000 	/System/Library/Frameworks/DiskArbitration.framework/Versions/A/DiskArbitration
0x00007fff7576d000 	/usr/lib/liblangid.dylib
0x00007fff6a3d1000 	/System/Library/PrivateFrameworks/MultitouchSupport.framework/Versions/A/MultitouchSupport
0x00007fff7438a000 	/usr/lib/libDiagnosticMessagesClient.dylib
0x00007fff6c08c000 	/System/Library/PrivateFrameworks/PerformanceAnalysis.framework/Versions/A/PerformanceAnalysis
0x00007fff554d6000 	/System/Library/Frameworks/OpenGL.framework/Versions/A/OpenGL
0x00007fff4afc6000 	/System/Library/Frameworks/ColorSync.framework/Versions/A/ColorSync
0x00007fff4c306000 	/System/Library/Frameworks/CoreImage.framework/Versions/A/CoreImage
0x00007fff4e25e000 	/System/Library/Frameworks/ImageIO.framework/Versions/A/ImageIO
0x00007fff5c5a0000 	/System/Library/PrivateFrameworks/Backup.framework/Versions/A/Backup
0x00007fff74871000 	/usr/lib/libarchive.2.dylib
0x00007fff4a6ff000 	/System/Library/Frameworks/CFNetwork.framework/Versions/A/CFNetwork
0x00007fff574d8000 	/System/Library/Frameworks/SystemConfiguration.framework/Versions/A/SystemConfiguration
0x00007fff742bb000 	/usr/lib/libCRFSuite.dylib
0x00007fff74a63000 	/usr/lib/libc++abi.dylib
0x00007fff77669000 	/usr/lib/system/libcache.dylib
0x00007fff7766e000 	/usr/lib/system/libcommonCrypto.dylib
0x00007fff77679000 	/usr/lib/system/libcompiler_rt.dylib
0x00007fff77681000 	/usr/lib/system/libcopyfile.dylib
0x00007fff7768b000 	/usr/lib/system/libcorecrypto.dylib
0x00007fff77796000 	/usr/lib/system/libdispatch.dylib
0x00007fff777d0000 	/usr/lib/system/libdyld.dylib
0x00007fff777fd000 	/usr/lib/system/libkeymgr.dylib
0x00007fff7780b000 	/usr/lib/system/liblaunch.dylib
0x00007fff7780c000 	/usr/lib/system/libmacho.dylib
0x00007fff77812000 	/usr/lib/system/libquarantine.dylib
0x00007fff77815000 	/usr/lib/system/libremovefile.dylib
0x00007fff77817000 	/usr/lib/system/libsystem_asl.dylib
0x00007fff7782f000 	/usr/lib/system/libsystem_blocks.dylib
0x00007fff77830000 	/usr/lib/system/libsystem_c.dylib
0x00007fff778b8000 	/usr/lib/system/libsystem_configuration.dylib
0x00007fff778bc000 	/usr/lib/system/libsystem_coreservices.dylib
0x00007fff778c0000 	/usr/lib/system/libsystem_darwin.dylib
0x00007fff778c7000 	/usr/lib/system/libsystem_dnssd.dylib
0x00007fff778ce000 	/usr/lib/system/libsystem_info.dylib
0x00007fff77943000 	/usr/lib/system/libsystem_m.dylib
0x00007fff7798f000 	/usr/lib/system/libsystem_malloc.dylib
0x00007fff779ba000 	/usr/lib/system/libsystem_networkextension.dylib
0x00007fff779c5000 	/usr/lib/system/libsystem_notify.dylib
0x00007fff779e2000 	/usr/lib/system/libsystem_sandbox.dylib
0x00007fff779e6000 	/usr/lib/system/libsystem_secinit.dylib
0x00007fff7791a000 	/usr/lib/system/libsystem_kernel.dylib
0x00007fff779cd000 	/usr/lib/system/libsystem_platform.dylib
0x00007fff779d7000 	/usr/lib/system/libsystem_pthread.dylib
0x00007fff779e9000 	/usr/lib/system/libsystem_symptoms.dylib
0x00007fff779f1000 	/usr/lib/system/libsystem_trace.dylib
0x00007fff77a08000 	/usr/lib/system/libunwind.dylib
0x00007fff77a0e000 	/usr/lib/system/libxpc.dylib
0x00007fff777fe000 	/usr/lib/system/libkxld.dylib
0x00007fff5b991000 	/System/Library/PrivateFrameworks/AppleFSCompression.framework/Versions/A/AppleFSCompression
0x00007fff7468a000 	/usr/lib/libOpenScriptingUtil.dylib
0x00007fff74d18000 	/usr/lib/libcoretls.dylib
0x00007fff74d2f000 	/usr/lib/libcoretls_cfhelpers.dylib
0x00007fff7679a000 	/usr/lib/libpam.2.dylib
0x00007fff7695a000 	/usr/lib/libsqlite3.dylib
0x00007fff76d54000 	/usr/lib/libxar.1.dylib
0x00007fff74a01000 	/usr/lib/libbz2.1.0.dylib
0x00007fff7576f000 	/usr/lib/liblzma.5.dylib
0x00007fff75c20000 	/usr/lib/libnetwork.dylib
0x00007fff7485a000 	/usr/lib/libapple_nghttp2.dylib
0x00007fff767a1000 	/usr/lib/libpcap.A.dylib
0x00007fff4ce23000 	/System/Library/Frameworks/CoreServices.framework/Versions/A/Frameworks/FSEvents.framework/Versions/A/FSEvents
0x00007fff4cb02000 	/System/Library/Frameworks/CoreServices.framework/Versions/A/Frameworks/CarbonCore.framework/Versions/A/CarbonCore
0x00007fff4cfde000 	/System/Library/Frameworks/CoreServices.framework/Versions/A/Frameworks/Metadata.framework/Versions/A/Metadata
0x00007fff4d07d000 	/System/Library/Frameworks/CoreServices.framework/Versions/A/Frameworks/OSServices.framework/Versions/A/OSServices
0x00007fff4d0c8000 	/System/Library/Frameworks/CoreServices.framework/Versions/A/Frameworks/SearchKit.framework/Versions/A/SearchKit
0x00007fff4ca85000 	/System/Library/Frameworks/CoreServices.framework/Versions/A/Frameworks/AE.framework/Versions/A/AE
0x00007fff4ce2c000 	/System/Library/Frameworks/CoreServices.framework/Versions/A/Frameworks/LaunchServices.framework/Versions/A/LaunchServices
0x00007fff4cdda000 	/System/Library/Frameworks/CoreServices.framework/Versions/A/Frameworks/DictionaryServices.framework/Versions/A/DictionaryServices
0x00007fff4d130000 	/System/Library/Frameworks/CoreServices.framework/Versions/A/Frameworks/SharedFileList.framework/Versions/A/SharedFileList
0x00007fff514b1000 	/System/Library/Frameworks/NetFS.framework/Versions/A/NetFS
0x00007fff6a637000 	/System/Library/PrivateFrameworks/NetAuth.framework/Versions/A/NetAuth
0x00007fff73fef000 	/System/Library/PrivateFrameworks/login.framework/Versions/A/Frameworks/loginsupport.framework/Versions/A/loginsupport
0x00007fff7210f000 	/System/Library/PrivateFrameworks/TCC.framework/Versions/A/TCC
0x00007fff5f5ad000 	/System/Library/PrivateFrameworks/CoreNLP.framework/Versions/A/CoreNLP
0x00007fff6a0cc000 	/System/Library/PrivateFrameworks/MetadataUtilities.framework/Versions/A/MetadataUtilities
0x00007fff75844000 	/usr/lib/libmecabra.dylib
0x00007fff49c4b000 	/System/Library/Frameworks/ApplicationServices.framework/Versions/A/Frameworks/ATS.framework/Versions/A/ATS
0x00007fff49f9a000 	/System/Library/Frameworks/ApplicationServices.framework/Versions/A/Frameworks/ColorSyncLegacy.framework/Versions/A/ColorSyncLegacy
0x00007fff4a039000 	/System/Library/Frameworks/ApplicationServices.framework/Versions/A/Frameworks/HIServices.framework/Versions/A/HIServices
0x00007fff4a08c000 	/System/Library/Frameworks/ApplicationServices.framework/Versions/A/Frameworks/LangAnalysis.framework/Versions/A/LangAnalysis
0x00007fff4a09c000 	/System/Library/Frameworks/ApplicationServices.framework/Versions/A/Frameworks/PrintCore.framework/Versions/A/PrintCore
0x00007fff4a0e6000 	/System/Library/Frameworks/ApplicationServices.framework/Versions/A/Frameworks/QD.framework/Versions/A/QD
0x00007fff4a120000 	/System/Library/Frameworks/ApplicationServices.framework/Versions/A/Frameworks/SpeechSynthesis.framework/Versions/A/SpeechSynthesis
0x00007fff74a8b000 	/usr/lib/libcompression.dylib
0x00007fff506b7000 	/System/Library/Frameworks/MetalPerformanceShaders.framework/Versions/A/MetalPerformanceShaders
0x00007fff47c27000 	/System/Library/Frameworks/Accelerate.framework/Versions/A/Frameworks/vImage.framework/Versions/A/vImage
0x00007fff48ca1000 	/System/Library/Frameworks/Accelerate.framework/Versions/A/Frameworks/vecLib.framework/Versions/A/vecLib
0x00007fff48bed000 	/System/Library/Frameworks/Accelerate.framework/Versions/A/Frameworks/vecLib.framework/Versions/A/libvMisc.dylib
0x00007fff48a05000 	/System/Library/Frameworks/Accelerate.framework/Versions/A/Frameworks/vecLib.framework/Versions/A/libvDSP.dylib
0x00007fff482c1000 	/System/Library/Frameworks/Accelerate.framework/Versions/A/Frameworks/vecLib.framework/Versions/A/libBLAS.dylib
0x00007fff485ae000 	/System/Library/Frameworks/Accelerate.framework/Versions/A/Frameworks/vecLib.framework/Versions/A/libLAPACK.dylib
0x00007fff48958000 	/System/Library/Frameworks/Accelerate.framework/Versions/A/Frameworks/vecLib.framework/Versions/A/libLinearAlgebra.dylib
0x00007fff489f1000 	/System/Library/Frameworks/Accelerate.framework/Versions/A/Frameworks/vecLib.framework/Versions/A/libSparseBLAS.dylib
0x00007fff4896e000 	/System/Library/Frameworks/Accelerate.framework/Versions/A/Frameworks/vecLib.framework/Versions/A/libQuadrature.dylib
0x00007fff4853b000 	/System/Library/Frameworks/Accelerate.framework/Versions/A/Frameworks/vecLib.framework/Versions/A/libBNNS.dylib
0x00007fff48974000 	/System/Library/Frameworks/Accelerate.framework/Versions/A/Frameworks/vecLib.framework/Versions/A/libSparse.dylib
0x00007fff668fb000 	/System/Library/PrivateFrameworks/GPUWrangler.framework/Versions/A/GPUWrangler
0x00007fff68bfa000 	/System/Library/PrivateFrameworks/IOAccelerator.framework/Versions/A/IOAccelerator
0x00007fff68c05000 	/System/Library/PrivateFrameworks/IOPresentment.framework/Versions/A/IOPresentment
0x00007fff60385000 	/System/Library/PrivateFrameworks/DSExternalDisplay.framework/Versions/A/DSExternalDisplay
0x00007fff5492d000 	/System/Library/Frameworks/OpenGL.framework/Versions/A/Libraries/libCoreFSCache.dylib
0x00007fff504ab000 	/System/Library/Frameworks/MetalPerformanceShaders.framework/Frameworks/MPSCore.framework/Versions/A/MPSCore
0x00007fff504cb000 	/System/Library/Frameworks/MetalPerformanceShaders.framework/Frameworks/MPSImage.framework/Versions/A/MPSImage
0x00007fff50570000 	/System/Library/Frameworks/MetalPerformanceShaders.framework/Frameworks/MPSNeuralNetwork.framework/Versions/A/MPSNeuralNetwork
0x00007fff50548000 	/System/Library/Frameworks/MetalPerformanceShaders.framework/Frameworks/MPSMatrix.framework/Versions/A/MPSMatrix
0x00007fff5069c000 	/System/Library/Frameworks/MetalPerformanceShaders.framework/Frameworks/MPSRayIntersector.framework/Versions/A/MPSRayIntersector
0x00007fff6a0f5000 	/System/Library/PrivateFrameworks/MetalTools.framework/Versions/A/MetalTools
0x00007fff5b23b000 	/System/Library/PrivateFrameworks/AggregateDictionary.framework/Versions/A/AggregateDictionary
0x00007fff7466a000 	/usr/lib/libMobileGestalt.dylib
0x00007fff4d5bf000 	/System/Library/Frameworks/CoreVideo.framework/Versions/A/CoreVideo
0x00007fff6770c000 	/System/Library/PrivateFrameworks/GraphVisualizer.framework/Versions/A/GraphVisualizer
0x00007fff6158b000 	/System/Library/PrivateFrameworks/FaceCore.framework/Versions/A/FaceCore
0x00007fff53f5b000 	/System/Library/Frameworks/OpenCL.framework/Versions/A/OpenCL
0x00007fff743c2000 	/usr/lib/libFosl_dynamic.dylib
0x00007fff6aea2000 	/System/Library/PrivateFrameworks/OTSVG.framework/Versions/A/OTSVG
0x00007fff49d4f000 	/System/Library/Frameworks/ApplicationServices.framework/Versions/A/Frameworks/ATS.framework/Versions/A/Resources/libFontParser.dylib
0x00007fff49e67000 	/System/Library/Frameworks/ApplicationServices.framework/Versions/A/Frameworks/ATS.framework/Versions/A/Resources/libFontRegistry.dylib
0x00007fff4e4cd000 	/System/Library/Frameworks/ImageIO.framework/Versions/A/Resources/libJPEG.dylib
0x00007fff4e7f2000 	/System/Library/Frameworks/ImageIO.framework/Versions/A/Resources/libTIFF.dylib
0x00007fff4e7c8000 	/System/Library/Frameworks/ImageIO.framework/Versions/A/Resources/libPng.dylib
0x00007fff4e3eb000 	/System/Library/Frameworks/ImageIO.framework/Versions/A/Resources/libGIF.dylib
0x00007fff4e3f0000 	/System/Library/Frameworks/ImageIO.framework/Versions/A/Resources/libJP2.dylib
0x00007fff4e7ef000 	/System/Library/Frameworks/ImageIO.framework/Versions/A/Resources/libRadiance.dylib
0x00007fff5bae8000 	/System/Library/PrivateFrameworks/AppleJPEG.framework/Versions/A/AppleJPEG
0x00007fff54938000 	/System/Library/Frameworks/OpenGL.framework/Versions/A/Libraries/libGFXShared.dylib
0x00007fff54afb000 	/System/Library/Frameworks/OpenGL.framework/Versions/A/Libraries/libGLU.dylib
0x00007fff54941000 	/System/Library/Frameworks/OpenGL.framework/Versions/A/Libraries/libGL.dylib
0x00007fff5494d000 	/System/Library/Frameworks/OpenGL.framework/Versions/A/Libraries/libGLImage.dylib
0x00007fff5492a000 	/System/Library/Frameworks/OpenGL.framework/Versions/A/Libraries/libCVMSPluginSupport.dylib
0x00007fff54933000 	/System/Library/Frameworks/OpenGL.framework/Versions/A/Libraries/libCoreVMClient.dylib
0x00007fff751dc000 	/usr/lib/libcups.2.dylib
0x00007fff4f9b2000 	/System/Library/Frameworks/Kerberos.framework/Versions/A/Kerberos
0x00007fff4dece000 	/System/Library/Frameworks/GSS.framework/Versions/A/GSS
0x00007fff768ef000 	/usr/lib/libresolv.9.dylib
0x00007fff753ce000 	/usr/lib/libiconv.2.dylib
0x00007fff67881000 	/System/Library/PrivateFrameworks/Heimdal.framework/Versions/A/Heimdal
0x00007fff7539e000 	/usr/lib/libheimdal-asn1.dylib
0x00007fff53fcf000 	/System/Library/Frameworks/OpenDirectory.framework/Versions/A/OpenDirectory
0x00007fff5e310000 	/System/Library/PrivateFrameworks/CommonAuth.framework/Versions/A/CommonAuth
0x00007fff53fb3000 	/System/Library/Frameworks/OpenDirectory.framework/Versions/A/Frameworks/CFOpenDirectory.framework/Versions/A/CFOpenDirectory
0x00007fff5707d000 	/System/Library/Frameworks/SecurityFoundation.framework/Versions/A/SecurityFoundation
0x00007fff5a781000 	/System/Library/PrivateFrameworks/APFS.framework/Versions/A/APFS
0x00007fff76d50000 	/usr/lib/libutil.dylib
0x00007fff74a79000 	/usr/lib/libcharset.1.dylib
0x00007fff5bd85000 	/System/Library/PrivateFrameworks/AppleSauce.framework/Versions/A/AppleSauce
0x00007fff5bf06000 	/System/Library/PrivateFrameworks/AssertionServices.framework/Versions/A/AssertionServices
0x00007fff5c636000 	/System/Library/PrivateFrameworks/BaseBoard.framework/Versions/A/BaseBoard
0x00007fff7579f000 	/usr/lib/libmecab.1.0.0.dylib
0x00007fff75398000 	/usr/lib/libgermantok.dylib
0x00007fff74847000 	/usr/lib/libThaiTokenizer.dylib
0x00007fff742f2000 	/usr/lib/libChineseTokenizer.dylib
0x00007fff692b2000 	/System/Library/PrivateFrameworks/LanguageModeling.framework/Versions/A/LanguageModeling
0x00007fff5eff2000 	/System/Library/PrivateFrameworks/CoreEmoji.framework/Versions/A/CoreEmoji
0x00007fff6938e000 	/System/Library/PrivateFrameworks/Lexicon.framework/Versions/A/Lexicon
0x00007fff693d1000 	/System/Library/PrivateFrameworks/LinguisticData.framework/Versions/A/LinguisticData
0x00007fff74a7a000 	/usr/lib/libcmph.dylib
0x00007fff5713b000 	/System/Library/Frameworks/ServiceManagement.framework/Versions/A/ServiceManagement
0x00007fff5c597000 	/System/Library/PrivateFrameworks/BackgroundTaskManagement.framework/Versions/A/BackgroundTaskManagement
0x00007fff76e4a000 	/usr/lib/libxslt.1.dylib
0x00007fff4adbd000 	/System/Library/Frameworks/Carbon.framework/Versions/A/Frameworks/Ink.framework/Versions/A/Ink
0x00007fff72381000 	/System/Library/PrivateFrameworks/TextureIO.framework/Versions/A/TextureIO
0x00007fff7489b000 	/usr/lib/libate.dylib
0x00007fff602d4000 	/System/Library/PrivateFrameworks/CrashReporterSupport.framework/Versions/A/CrashReporterSupport
0x00007fff6fab9000 	/System/Library/PrivateFrameworks/Sharing.framework/Versions/A/Sharing
0x00007fff5c2e9000 	/System/Library/PrivateFrameworks/AuthKit.framework/Versions/A/AuthKit
0x00007fff5b83d000 	/System/Library/PrivateFrameworks/Apple80211.framework/Versions/A/Apple80211
0x00007fff6007c000 	/System/Library/PrivateFrameworks/CoreUtils.framework/Versions/A/CoreUtils
0x00007fff4d600000 	/System/Library/Frameworks/CoreWLAN.framework/Versions/A/CoreWLAN
0x00007fff4dffd000 	/System/Library/Frameworks/IOBluetooth.framework/Versions/A/IOBluetooth
0x00007fff6df2d000 	/System/Library/PrivateFrameworks/ProtocolBuffer.framework/Versions/A/ProtocolBuffer
0x00007fff6a32d000 	/System/Library/PrivateFrameworks/MobileKeyBag.framework/Versions/A/MobileKeyBag
0x00007fff5f8c0000 	/System/Library/PrivateFrameworks/CorePhoneNumbers.framework/Versions/A/CorePhoneNumbers
0x00007fff5ba9c000 	/System/Library/PrivateFrameworks/AppleIDAuthSupport.framework/Versions/A/AppleIDAuthSupport
0x00007fff69285000 	/System/Library/PrivateFrameworks/KeychainCircle.framework/Versions/A/KeychainCircle
0x00007fff6e0e3000 	/System/Library/PrivateFrameworks/ROCKit.framework/Versions/A/ROCKit
0x00007fff60270000 	/System/Library/PrivateFrameworks/CoreWiFi.framework/Versions/A/CoreWiFi
0x00007fff4b38b000 	/System/Library/Frameworks/CoreBluetooth.framework/Versions/A/CoreBluetooth
0x00007fff604cb000 	/System/Library/PrivateFrameworks/DebugSymbols.framework/Versions/A/DebugSymbols
0x00007fff5fe3c000 	/System/Library/PrivateFrameworks/CoreSymbolication.framework/Versions/A/CoreSymbolication
0x00007fff71b9c000 	/System/Library/PrivateFrameworks/Symbolication.framework/Versions/A/Symbolication
0x00007fff7143f000 	/System/Library/PrivateFrameworks/SpeechRecognitionCore.framework/Versions/A/SpeechRecognitionCore
0x0000000109079000 	/Library/Frameworks/R.framework/Versions/4.0/Resources/lib/libRblas.dylib
0x00000001090ab000 	/Library/Frameworks/R.framework/Versions/4.0/Resources/lib/libgfortran.5.dylib
0x0000000109364000 	/Library/Frameworks/R.framework/Versions/4.0/Resources/lib/libquadmath.0.dylib
0x00007fff75a4d000 	/usr/lib/libncurses.5.4.dylib
0x00000001093b0000 	/Library/Frameworks/R.framework/Versions/4.0/Resources/lib/libgcc_s.1.dylib
0x000000010b431000 	/Library/Frameworks/R.framework/Versions/4.0/Resources/library/methods/libs/methods.so
0x000000010b36d000 	/Library/Frameworks/R.framework/Versions/4.0/Resources/library/grDevices/libs/grDevices.so
0x000000010bbd8000 	/Library/Frameworks/R.framework/Versions/4.0/Resources/library/graphics/libs/graphics.so
0x000000010b410000 	/Library/Frameworks/R.framework/Versions/4.0/Resources/library/utils/libs/utils.so
0x000000010bd06000 	/Library/Frameworks/R.framework/Versions/4.0/Resources/library/stats/libs/stats.so
0x000000010bdcd000 	/Library/Frameworks/R.framework/Versions/4.0/Resources/lib/libRlapack.dylib
0x000000010bffb000 	/Library/Frameworks/R.framework/Versions/4.0/Resources/library/fs/libs/fs.so
0x000000010c0a7000 	/Library/Frameworks/R.framework/Versions/4.0/Resources/library/rlang/libs/rlang.so
0x000000010b423000 	/Library/Frameworks/R.framework/Versions/4.0/Resources/library/glue/libs/glue.so
0x000000010b428000 	/Library/Frameworks/R.framework/Versions/4.0/Resources/library/magrittr/libs/magrittr.so
0x000000010b46d000 	/Library/Frameworks/R.framework/Versions/4.0/Resources/library/purrr/libs/purrr.so
0x000000010c0d3000 	/Library/Frameworks/R.framework/Versions/4.0/Resources/library/fansi/libs/fansi.so
0x000000010c2b7000 	/Library/Frameworks/R.framework/Versions/4.0/Resources/library/tools/libs/tools.so
0x000000010b477000 	/Library/Frameworks/R.framework/Versions/4.0/Resources/library/ellipsis/libs/ellipsis.so
0x000000010c2d5000 	/Library/Frameworks/R.framework/Versions/4.0/Resources/library/digest/libs/digest.so
0x000000010c365000 	/Library/Frameworks/R.framework/Versions/4.0/Resources/library/processx/libs/processx.so
0x000000010c377000 	/Library/Frameworks/R.framework/Versions/4.0/Resources/library/ps/libs/ps.so
0x000000010b47b000 	/Library/Frameworks/R.framework/Versions/4.0/Resources/library/pkgload/libs/pkgload.so
0x000000010c59c000 	/Library/Frameworks/R.framework/Versions/4.0/Resources/library/testthat/libs/testthat.so
0x000000010c6c2000 	/Library/Frameworks/R.framework/Versions/4.0/Resources/library/curl/libs/curl.so
0x00007fff7525b000 	/usr/lib/libcurl.4.dylib
0x00007fff750c8000 	/usr/lib/libcrypto.42.dylib
0x00007fff76bfb000 	/usr/lib/libssl.44.dylib
0x00007fff4f9cc000 	/System/Library/Frameworks/LDAP.framework/Versions/A/LDAP
0x00007fff724ff000 	/System/Library/PrivateFrameworks/TrustEvaluationAgent.framework/Versions/A/TrustEvaluationAgent
0x00007fff76945000 	/usr/lib/libsasl2.2.dylib
0x00007fff5edef000 	/System/Library/PrivateFrameworks/CoreDaemon.framework/Versions/B/CoreDaemon
0x00007fff5bd80000 	/System/Library/PrivateFrameworks/AppleSRP.framework/Versions/A/AppleSRP
0x000000010c739000 	/Library/Frameworks/R.framework/Versions/4.0/Resources/library/vctrs/libs/vctrs.so
0x000000010c893000 	/Library/Frameworks/R.framework/Versions/4.0/Resources/library/tibble/libs/tibble.so
0x000000010c912000 	/Library/Frameworks/R.framework/Versions/4.0/Resources/library/dplyr/libs/dplyr.so
0x000000010c944000 	/Library/Frameworks/R.framework/Versions/4.0/Resources/library/tidyr/libs/tidyr.so
0x000000010c95e000 	/Library/Frameworks/R.framework/Versions/4.0/Resources/library/splines/libs/splines.so
0x000000010c9de000 	/Library/Frameworks/R.framework/Versions/4.0/Resources/library/grid/libs/grid.so
0x000000010caa4000 	/Library/Frameworks/R.framework/Versions/4.0/Resources/library/lattice/libs/lattice.so
0x000000010cd5e000 	/Library/Frameworks/R.framework/Versions/4.0/Resources/library/Matrix/libs/Matrix.so
0x000000010b9ed000 	/Library/Frameworks/R.framework/Versions/4.0/Resources/library/survival/libs/survival.so
0x000000010b45a000 	/Library/Frameworks/R.framework/Versions/4.0/Resources/library/colorspace/libs/colorspace.so
0x000000010b550000 	/Library/Frameworks/R.framework/Versions/4.0/Resources/library/base64enc/libs/base64enc.so
0x000000010d0ab000 	/Library/Frameworks/R.framework/Versions/4.0/Resources/library/png/libs/png.so
0x000000010d0ec000 	/Library/Frameworks/R.framework/Versions/4.0/Resources/library/jpeg/libs/jpeg.so
0x000000010b77c000 	/Library/Frameworks/R.framework/Versions/4.0/Resources/library/cluster/libs/cluster.so
0x000000010d18f000 	/Library/Frameworks/R.framework/Versions/4.0/Resources/library/foreign/libs/foreign.so
0x000000010b557000 	/Library/Frameworks/R.framework/Versions/4.0/Resources/library/nnet/libs/nnet.so
0x000000010c38b000 	/Library/Frameworks/R.framework/Versions/4.0/Resources/library/rpart/libs/rpart.so
0x000000010d1b3000 	/Library/Frameworks/R.framework/Versions/4.0/Resources/library/checkmate/libs/checkmate.so
0x000000010b47f000 	/Library/Frameworks/R.framework/Versions/4.0/Resources/library/backports/libs/backports.so
0x000000010b532000 	/Library/Frameworks/R.framework/Versions/4.0/Resources/library/htmltools/libs/htmltools.so
0x000000010b796000 	/Library/Frameworks/R.framework/Versions/4.0/Resources/library/xfun/libs/xfun.so
0x000000010d6e2000 	/Library/Frameworks/R.framework/Versions/4.0/Resources/library/stringi/libs/stringi.so
0x000000010d351000 	/Library/Frameworks/R.framework/Versions/4.0/Resources/library/data.table/libs/datatable.so
0x000000010ba9a000 	/Library/Frameworks/R.framework/Versions/4.0/Resources/library/Hmisc/libs/Hmisc.so
0x000000010f8c0000 	/Library/Frameworks/R.framework/Versions/4.0/Resources/library/readr/libs/readr.so
0x000000010f979000 	/Library/Frameworks/R.framework/Versions/4.0/Resources/library/jsonlite/libs/jsonlite.so
0x000000010f9fd000 	/Library/Frameworks/R.framework/Versions/4.0/Resources/library/gmp/libs/gmp.so
0x000000010faca000 	/Library/Frameworks/R.framework/Versions/4.0/Resources/library/Rcpp/libs/Rcpp.so
0x000000010fcbb000 	/Library/Frameworks/R.framework/Versions/4.0/Resources/library/lubridate/libs/lubridate.so
0x000000010fb9f000 	/Library/Frameworks/R.framework/Versions/4.0/Resources/library/utf8/libs/utf8.so
0x00000001103e9000 	/Library/Java/JavaVirtualMachines/openjdk-13.0.1.jdk/Contents/Home/lib/server/libjvm.dylib
0x000000010d542000 	/Library/Frameworks/R.framework/Versions/4.0/Resources/library/rJava/libs/rJava.so
0x000000010d51e000 	/Library/Java/JavaVirtualMachines/openjdk-13.0.1.jdk/Contents/Home/lib/libverify.dylib
0x000000010fcff000 	/Library/Java/JavaVirtualMachines/openjdk-13.0.1.jdk/Contents/Home/lib/libjava.dylib
0x000000010b547000 	/Library/Java/JavaVirtualMachines/openjdk-13.0.1.jdk/Contents/Home/lib/libzip.dylib
0x000000010baef000 	/Library/Java/JavaVirtualMachines/openjdk-13.0.1.jdk/Contents/Home/lib/libjimage.dylib
0x000000012e630000 	/Library/Developer/CommandLineTools/usr/lib/libclang.dylib
0x0000000133bf3000 	/Library/Frameworks/R.framework/Resources/modules//internet.so
0x0000000133f63000 	/Library/Frameworks/R.framework/Versions/4.0/Resources/library/haven/libs/haven.so
0x000000010baf6000 	/Library/Frameworks/R.framework/Versions/4.0/Resources/library/readxl/libs/readxl.so
0x000000010fd4b000 	/Library/Frameworks/R.framework/Versions/4.0/Resources/library/xml2/libs/xml2.so
0x000000010fff7000 	/Library/Frameworks/R.framework/Versions/4.0/Resources/library/later/libs/later.so
0x000000010fd66000 	/Library/Frameworks/R.framework/Versions/4.0/Resources/library/promises/libs/promises.so
0x0000000133fec000 	/Library/Frameworks/R.framework/Versions/4.0/Resources/library/httpuv/libs/httpuv.so
0x000000010bb6b000 	/Library/Frameworks/R.framework/Versions/4.0/Resources/library/mime/libs/mime.so
0x000000011003f000 	/Library/Frameworks/R.framework/Versions/4.0/Resources/library/fastmap/libs/fastmap.so
0x000000012d3a3000 	/Library/Frameworks/R.framework/Versions/4.0/Resources/library/yaml/libs/yaml.so
0x000000010d60c000 	/Library/Java/JavaVirtualMachines/openjdk-13.0.1.jdk/Contents/Home/lib/libnio.dylib
0x0000000133d7a000 	/Library/Java/JavaVirtualMachines/openjdk-13.0.1.jdk/Contents/Home/lib/./libnet.dylib
0x000000010bb64000 	/Library/Java/JavaVirtualMachines/openjdk-13.0.1.jdk/Contents/Home/lib/libextnet.dylib
0x000000010c3a7000 	/Library/Java/JavaVirtualMachines/openjdk-13.0.1.jdk/Contents/Home/lib/libmanagement.dylib
0x000000010d63b000 	/Library/Java/JavaVirtualMachines/openjdk-13.0.1.jdk/Contents/Home/lib/libmanagement_ext.dylib
0x0000000134349000 	/Library/Frameworks/R.framework/Versions/4.0/Resources/library/triebeard/libs/triebeard.so
0x000000013439f000 	/Library/Frameworks/R.framework/Versions/4.0/Resources/library/urltools/libs/urltools.so


VM Arguments:
jvm_args: -Djava.awt.headless=true -Xmx512m -Xrs vfprintf exit -Xss2m 
java_command: <unknown>
java_class_path (initial): /Library/Frameworks/R.framework/Versions/4.0/Resources/library/rJava/java/boot
Launcher Type: generic

[Global flags]
     intx CICompilerCount                          = 4                                         {product} {ergonomic}
     uint ConcGCThreads                            = 2                                         {product} {ergonomic}
     uint G1ConcRefinementThreads                  = 8                                         {product} {ergonomic}
   size_t G1HeapRegionSize                         = 1048576                                   {product} {ergonomic}
    uintx GCDrainStackTargetSize                   = 64                                        {product} {ergonomic}
   size_t InitialHeapSize                          = 268435456                                 {product} {ergonomic}
   size_t MarkStackSize                            = 4194304                                   {product} {ergonomic}
   size_t MaxHeapSize                              = 536870912                                 {product} {command line}
   size_t MaxNewSize                               = 321912832                                 {product} {ergonomic}
   size_t MinHeapDeltaBytes                        = 1048576                                   {product} {ergonomic}
   size_t MinHeapSize                              = 8388608                                   {product} {ergonomic}
    uintx NonNMethodCodeHeapSize                   = 5836300                                {pd product} {ergonomic}
    uintx NonProfiledCodeHeapSize                  = 122910970                              {pd product} {ergonomic}
    uintx ProfiledCodeHeapSize                     = 122910970                              {pd product} {ergonomic}
     bool ReduceSignalUsage                        = true                                      {product} {command line}
    uintx ReservedCodeCacheSize                    = 251658240                              {pd product} {ergonomic}
     bool SegmentedCodeCache                       = true                                      {product} {ergonomic}
   size_t SoftMaxHeapSize                          = 536870912                              {manageable} {ergonomic}
     intx ThreadStackSize                          = 2048                                   {pd product} {command line}
     bool UseCompressedClassPointers               = true                                 {lp64_product} {ergonomic}
     bool UseCompressedOops                        = true                                 {lp64_product} {ergonomic}
     bool UseG1GC                                  = true                                      {product} {ergonomic}

Logging:
Log output configuration:
 #0: stdout all=warning uptime,level,tags
 #1: stderr all=off uptime,level,tags

Environment Variables:
PATH=/usr/bin:/bin:/usr/sbin:/sbin:/usr/local/bin:/opt/local/bin:/Applications/RStudio.app/Contents/MacOS/postback:/Applications/RStudio.app/Contents/MacOS/postback:/Applications/RStudio.app/Contents/MacOS/postback:/Applications/RStudio.app/Contents/MacOS/postback:/Applications/RStudio.app/Contents/MacOS/postback:/Applications/RStudio.app/Contents/MacOS/postback
LD_LIBRARY_PATH=
SHELL=/bin/bash
DISPLAY=:0
DYLD_LIBRARY_PATH=/Library/Java/JavaVirtualMachines/openjdk-13.0.1.jdk/Contents/Home/lib/server
DYLD_FALLBACK_LIBRARY_PATH=/Library/Frameworks/R.framework/Resources/lib:/Library/Frameworks/R.framework/Resources/lib:/Users/patelm9/lib:/usr/local/lib:/usr/lib:::/lib:/Library/Java/JavaVirtualMachines/openjdk-13.0.1.jdk/Contents/Home/lib/server:::/Library/Frameworks/R.framework/Resources/lib:/Library/Java/JavaVirtualMachines/openjdk-13.0.1.jdk/Contents/Home/lib/server

Signal Handlers:
SIGSEGV: [libjvm.dylib+0x781580], sa_mask[0]=11111111011111110111111111111111, sa_flags=SA_ONSTACK|SA_RESTART|SA_SIGINFO
SIGBUS: [libjvm.dylib+0x781580], sa_mask[0]=11111111011111110111111111111111, sa_flags=SA_RESTART|SA_SIGINFO
SIGFPE: [libjvm.dylib+0x781580], sa_mask[0]=11111111011111110111111111111111, sa_flags=SA_RESTART|SA_SIGINFO
SIGPIPE: [libjvm.dylib+0x627f85], sa_mask[0]=11111111011111110111111111111111, sa_flags=SA_RESTART|SA_SIGINFO
SIGXFSZ: [libjvm.dylib+0x627f85], sa_mask[0]=11111111011111110111111111111111, sa_flags=SA_RESTART|SA_SIGINFO
SIGILL: [libjvm.dylib+0x781580], sa_mask[0]=11111111011111110111111111111111, sa_flags=SA_RESTART|SA_SIGINFO
SIGUSR2: SIG_IGN, sa_mask[0]=00000000000000000000000000000000, sa_flags=none
SIGHUP: SIG_DFL, sa_mask[0]=00000000000000000000000000000000, sa_flags=none
SIGINT: [rsession+0x156130], sa_mask[0]=00000000000000000000000000000000, sa_flags=SA_RESTART
SIGTERM: SIG_DFL, sa_mask[0]=00000000000000000000000000000000, sa_flags=none
SIGQUIT: SIG_DFL, sa_mask[0]=00000000000000000000000000000000, sa_flags=none


---------------  S Y S T E M  ---------------

OS:uname:Darwin 18.7.0 Darwin Kernel Version 18.7.0: Thu Jun 18 20:50:10 PDT 2020; root:xnu-4903.278.43~1/RELEASE_X86_64 x86_64
rlimit: STACK 8192k, CORE 0k, NPROC 1418, NOFILE 12544, AS infinity, DATA infinity, FSIZE infinity
load average:1.99 1.84 1.80

CPU:total 8 (initial active 8) (4 cores per cpu, 2 threads per core) family 6 model 142 stepping 10, cmov, cx8, fxsr, mmx, sse, sse2, sse3, ssse3, sse4.1, sse4.2, popcnt, avx, avx2, aes, clmul, erms, 3dnowpref, lzcnt, ht, tsc, tscinvbit, bmi1, bmi2, adx, fma

Memory: 4k page, physical 16777216k(484168k free), swap 2097152k(1469952k free)

vm_info: OpenJDK 64-Bit Server VM (13.0.1+9) for bsd-amd64 JRE (13.0.1+9), built on Oct  6 2019 11:52:16 by "mach5one" with clang 4.2.1 Compatible Apple LLVM 10.0.0 (clang-1000.11.45.5)

END.
